{"/media/ivan/Ultimate/Ivan/script/common/GinDHO/gindho-frontend/src/components/ui/alert.tsx": {"path":"/media/ivan/Ultimate/Ivan/script/common/GinDHO/gindho-frontend/src/components/ui/alert.tsx","statementMap":{"0":{"start":{"line":5,"column":6},"end":{"line":20,"column":null}},"1":{"start":{"line":22,"column":14},"end":{"line":26,"column":null}},"2":{"start":{"line":24,"column":4},"end":{"line":26,"column":null}},"3":{"start":{"line":27,"column":0},"end":{"line":27,"column":null}},"4":{"start":{"line":29,"column":19},"end":{"line":33,"column":null}},"5":{"start":{"line":31,"column":4},"end":{"line":33,"column":null}},"6":{"start":{"line":34,"column":0},"end":{"line":34,"column":null}},"7":{"start":{"line":36,"column":25},"end":{"line":40,"column":null}},"8":{"start":{"line":38,"column":4},"end":{"line":40,"column":null}},"9":{"start":{"line":41,"column":0},"end":{"line":41,"column":null}}},"fnMap":{"0":{"name":"(anonymous_0)","decl":{"start":{"line":22,"column":20},"end":{"line":22,"column":null}},"loc":{"start":{"line":24,"column":4},"end":{"line":26,"column":null}},"line":24},"1":{"name":"(anonymous_1)","decl":{"start":{"line":29,"column":25},"end":{"line":29,"column":null}},"loc":{"start":{"line":31,"column":4},"end":{"line":33,"column":null}},"line":31},"2":{"name":"(anonymous_2)","decl":{"start":{"line":36,"column":31},"end":{"line":36,"column":null}},"loc":{"start":{"line":38,"column":4},"end":{"line":40,"column":null}},"line":38}},"branchMap":{},"s":{"0":1,"1":1,"2":2,"3":1,"4":1,"5":1,"6":1,"7":1,"8":1,"9":1},"f":{"0":2,"1":1,"2":1},"b":{},"meta":{"lastBranch":0,"lastFunction":3,"lastStatement":10,"seen":{"s:5:6:20:Infinity":0,"s:22:14:26:Infinity":1,"f:22:20:22:Infinity":0,"s:24:4:26:Infinity":2,"s:27:0:27:Infinity":3,"s:29:19:33:Infinity":4,"f:29:25:29:Infinity":1,"s:31:4:33:Infinity":5,"s:34:0:34:Infinity":6,"s:36:25:40:Infinity":7,"f:36:31:36:Infinity":2,"s:38:4:40:Infinity":8,"s:41:0:41:Infinity":9},"fnNames":{}}}
,"/media/ivan/Ultimate/Ivan/script/common/GinDHO/gindho-frontend/src/components/ui/avatar.tsx": {"path":"/media/ivan/Ultimate/Ivan/script/common/GinDHO/gindho-frontend/src/components/ui/avatar.tsx","statementMap":{"0":{"start":{"line":4,"column":15},"end":{"line":15,"column":null}},"1":{"start":{"line":6,"column":4},"end":{"line":15,"column":null}},"2":{"start":{"line":16,"column":0},"end":{"line":16,"column":null}},"3":{"start":{"line":18,"column":20},"end":{"line":26,"column":null}},"4":{"start":{"line":20,"column":4},"end":{"line":26,"column":null}},"5":{"start":{"line":27,"column":0},"end":{"line":27,"column":null}},"6":{"start":{"line":29,"column":23},"end":{"line":40,"column":null}},"7":{"start":{"line":31,"column":4},"end":{"line":40,"column":null}},"8":{"start":{"line":41,"column":0},"end":{"line":41,"column":null}}},"fnMap":{"0":{"name":"(anonymous_0)","decl":{"start":{"line":4,"column":21},"end":{"line":4,"column":null}},"loc":{"start":{"line":6,"column":4},"end":{"line":15,"column":null}},"line":6},"1":{"name":"(anonymous_1)","decl":{"start":{"line":18,"column":26},"end":{"line":18,"column":null}},"loc":{"start":{"line":20,"column":4},"end":{"line":26,"column":null}},"line":20},"2":{"name":"(anonymous_2)","decl":{"start":{"line":29,"column":29},"end":{"line":29,"column":null}},"loc":{"start":{"line":31,"column":4},"end":{"line":40,"column":null}},"line":31}},"branchMap":{},"s":{"0":1,"1":2,"2":1,"3":1,"4":1,"5":1,"6":1,"7":2,"8":1},"f":{"0":2,"1":1,"2":2},"b":{},"meta":{"lastBranch":0,"lastFunction":3,"lastStatement":9,"seen":{"s:4:15:15:Infinity":0,"f:4:21:4:Infinity":0,"s:6:4:15:Infinity":1,"s:16:0:16:Infinity":2,"s:18:20:26:Infinity":3,"f:18:26:18:Infinity":1,"s:20:4:26:Infinity":4,"s:27:0:27:Infinity":5,"s:29:23:40:Infinity":6,"f:29:29:29:Infinity":2,"s:31:4:40:Infinity":7,"s:41:0:41:Infinity":8},"fnNames":{}}}
,"/media/ivan/Ultimate/Ivan/script/common/GinDHO/gindho-frontend/src/components/ui/badge.tsx": {"path":"/media/ivan/Ultimate/Ivan/script/common/GinDHO/gindho-frontend/src/components/ui/badge.tsx","statementMap":{"0":{"start":{"line":5,"column":6},"end":{"line":20,"column":null}},"1":{"start":{"line":27,"column":2},"end":{"line":28,"column":null}}},"fnMap":{"0":{"name":"Badge","decl":{"start":{"line":26,"column":9},"end":{"line":26,"column":15}},"loc":{"start":{"line":26,"column":61},"end":{"line":30,"column":null}},"line":26}},"branchMap":{},"s":{"0":7,"1":5},"f":{"0":5},"b":{},"meta":{"lastBranch":0,"lastFunction":1,"lastStatement":2,"seen":{"s:5:6:20:Infinity":0,"f:26:9:26:15":0,"s:27:2:28:Infinity":1},"fnNames":{}}}
,"/media/ivan/Ultimate/Ivan/script/common/GinDHO/gindho-frontend/src/components/ui/button.tsx": {"path":"/media/ivan/Ultimate/Ivan/script/common/GinDHO/gindho-frontend/src/components/ui/button.tsx","statementMap":{"0":{"start":{"line":5,"column":6},"end":{"line":29,"column":null}},"1":{"start":{"line":37,"column":15},"end":{"line":47,"column":null}},"2":{"start":{"line":39,"column":4},"end":{"line":44,"column":null}},"3":{"start":{"line":48,"column":0},"end":{"line":48,"column":null}}},"fnMap":{"0":{"name":"(anonymous_0)","decl":{"start":{"line":37,"column":21},"end":{"line":37,"column":null}},"loc":{"start":{"line":38,"column":51},"end":{"line":46,"column":null}},"line":38}},"branchMap":{},"s":{"0":10,"1":10,"2":56,"3":10},"f":{"0":56},"b":{},"meta":{"lastBranch":0,"lastFunction":1,"lastStatement":4,"seen":{"s:5:6:29:Infinity":0,"s:37:15:47:Infinity":1,"f:37:21:37:Infinity":0,"s:39:4:44:Infinity":2,"s:48:0:48:Infinity":3},"fnNames":{}}}
,"/media/ivan/Ultimate/Ivan/script/common/GinDHO/gindho-frontend/src/components/ui/card.tsx": {"path":"/media/ivan/Ultimate/Ivan/script/common/GinDHO/gindho-frontend/src/components/ui/card.tsx","statementMap":{"0":{"start":{"line":4,"column":13},"end":{"line":15,"column":null}},"1":{"start":{"line":6,"column":4},"end":{"line":15,"column":null}},"2":{"start":{"line":16,"column":0},"end":{"line":16,"column":null}},"3":{"start":{"line":18,"column":19},"end":{"line":26,"column":null}},"4":{"start":{"line":20,"column":4},"end":{"line":26,"column":null}},"5":{"start":{"line":27,"column":0},"end":{"line":27,"column":null}},"6":{"start":{"line":29,"column":18},"end":{"line":37,"column":null}},"7":{"start":{"line":31,"column":4},"end":{"line":37,"column":null}},"8":{"start":{"line":38,"column":0},"end":{"line":38,"column":null}},"9":{"start":{"line":40,"column":24},"end":{"line":48,"column":null}},"10":{"start":{"line":42,"column":4},"end":{"line":48,"column":null}},"11":{"start":{"line":49,"column":0},"end":{"line":49,"column":null}},"12":{"start":{"line":51,"column":20},"end":{"line":55,"column":null}},"13":{"start":{"line":53,"column":4},"end":{"line":55,"column":null}},"14":{"start":{"line":56,"column":0},"end":{"line":56,"column":null}},"15":{"start":{"line":58,"column":19},"end":{"line":66,"column":null}},"16":{"start":{"line":60,"column":4},"end":{"line":66,"column":null}},"17":{"start":{"line":67,"column":0},"end":{"line":67,"column":null}}},"fnMap":{"0":{"name":"(anonymous_0)","decl":{"start":{"line":4,"column":19},"end":{"line":4,"column":null}},"loc":{"start":{"line":6,"column":4},"end":{"line":15,"column":null}},"line":6},"1":{"name":"(anonymous_1)","decl":{"start":{"line":18,"column":25},"end":{"line":18,"column":null}},"loc":{"start":{"line":20,"column":4},"end":{"line":26,"column":null}},"line":20},"2":{"name":"(anonymous_2)","decl":{"start":{"line":29,"column":24},"end":{"line":29,"column":null}},"loc":{"start":{"line":31,"column":4},"end":{"line":37,"column":null}},"line":31},"3":{"name":"(anonymous_3)","decl":{"start":{"line":40,"column":30},"end":{"line":40,"column":null}},"loc":{"start":{"line":42,"column":4},"end":{"line":48,"column":null}},"line":42},"4":{"name":"(anonymous_4)","decl":{"start":{"line":51,"column":26},"end":{"line":51,"column":null}},"loc":{"start":{"line":53,"column":4},"end":{"line":55,"column":null}},"line":53},"5":{"name":"(anonymous_5)","decl":{"start":{"line":58,"column":25},"end":{"line":58,"column":null}},"loc":{"start":{"line":60,"column":4},"end":{"line":66,"column":null}},"line":60}},"branchMap":{},"s":{"0":9,"1":29,"2":9,"3":9,"4":26,"5":9,"6":9,"7":16,"8":9,"9":9,"10":0,"11":9,"12":9,"13":28,"14":9,"15":9,"16":0,"17":9},"f":{"0":29,"1":26,"2":16,"3":0,"4":28,"5":0},"b":{},"meta":{"lastBranch":0,"lastFunction":6,"lastStatement":18,"seen":{"s:4:13:15:Infinity":0,"f:4:19:4:Infinity":0,"s:6:4:15:Infinity":1,"s:16:0:16:Infinity":2,"s:18:19:26:Infinity":3,"f:18:25:18:Infinity":1,"s:20:4:26:Infinity":4,"s:27:0:27:Infinity":5,"s:29:18:37:Infinity":6,"f:29:24:29:Infinity":2,"s:31:4:37:Infinity":7,"s:38:0:38:Infinity":8,"s:40:24:48:Infinity":9,"f:40:30:40:Infinity":3,"s:42:4:48:Infinity":10,"s:49:0:49:Infinity":11,"s:51:20:55:Infinity":12,"f:51:26:51:Infinity":4,"s:53:4:55:Infinity":13,"s:56:0:56:Infinity":14,"s:58:19:66:Infinity":15,"f:58:25:58:Infinity":5,"s:60:4:66:Infinity":16,"s:67:0:67:Infinity":17},"fnNames":{}}}
,"/media/ivan/Ultimate/Ivan/script/common/GinDHO/gindho-frontend/src/components/ui/dialog.tsx": {"path":"/media/ivan/Ultimate/Ivan/script/common/GinDHO/gindho-frontend/src/components/ui/dialog.tsx","statementMap":{"0":{"start":{"line":11,"column":2},"end":{"line":18,"column":null}},"1":{"start":{"line":12,"column":4},"end":{"line":14,"column":null}},"2":{"start":{"line":13,"column":6},"end":{"line":13,"column":null}},"3":{"start":{"line":15,"column":4},"end":{"line":17,"column":null}},"4":{"start":{"line":16,"column":6},"end":{"line":16,"column":null}},"5":{"start":{"line":20,"column":2},"end":{"line":20,"column":null}},"6":{"start":{"line":20,"column":13},"end":{"line":20,"column":null}},"7":{"start":{"line":22,"column":2},"end":{"line":28,"column":null}},"8":{"start":{"line":23,"column":88},"end":{"line":23,"column":null}},"9":{"start":{"line":25,"column":27},"end":{"line":25,"column":null}},"10":{"start":{"line":37,"column":2},"end":{"line":43,"column":null}},"11":{"start":{"line":51,"column":2},"end":{"line":52,"column":null}},"12":{"start":{"line":60,"column":2},"end":{"line":61,"column":null}}},"fnMap":{"0":{"name":"Dialog","decl":{"start":{"line":10,"column":16},"end":{"line":10,"column":23}},"loc":{"start":{"line":10,"column":70},"end":{"line":30,"column":null}},"line":10},"1":{"name":"(anonymous_1)","decl":{"start":{"line":11,"column":8},"end":{"line":11,"column":24}},"loc":{"start":{"line":11,"column":24},"end":{"line":18,"column":5}},"line":11},"2":{"name":"(anonymous_2)","decl":{"start":{"line":15,"column":4},"end":{"line":15,"column":17}},"loc":{"start":{"line":15,"column":17},"end":{"line":17,"column":null}},"line":15},"3":{"name":"(anonymous_3)","decl":{"start":{"line":23,"column":73},"end":{"line":23,"column":88}},"loc":{"start":{"line":23,"column":88},"end":{"line":23,"column":null}},"line":23},"4":{"name":"(anonymous_4)","decl":{"start":{"line":25,"column":11},"end":{"line":25,"column":21}},"loc":{"start":{"line":25,"column":27},"end":{"line":25,"column":null}},"line":25},"5":{"name":"DialogContent","decl":{"start":{"line":32,"column":16},"end":{"line":32,"column":30}},"loc":{"start":{"line":36,"column":32},"end":{"line":45,"column":null}},"line":36},"6":{"name":"DialogHeader","decl":{"start":{"line":47,"column":16},"end":{"line":47,"column":29}},"loc":{"start":{"line":50,"column":32},"end":{"line":54,"column":null}},"line":50},"7":{"name":"DialogTitle","decl":{"start":{"line":56,"column":16},"end":{"line":56,"column":28}},"loc":{"start":{"line":59,"column":31},"end":{"line":63,"column":null}},"line":59}},"branchMap":{"0":{"loc":{"start":{"line":12,"column":4},"end":{"line":14,"column":null}},"type":"if","locations":[{"start":{"line":12,"column":4},"end":{"line":14,"column":null}},{"start":{},"end":{}}],"line":12},"1":{"loc":{"start":{"line":20,"column":2},"end":{"line":20,"column":null}},"type":"if","locations":[{"start":{"line":20,"column":2},"end":{"line":20,"column":null}},{"start":{},"end":{}}],"line":20}},"s":{"0":14,"1":7,"2":0,"3":7,"4":7,"5":14,"6":14,"7":0,"8":0,"9":0,"10":0,"11":0,"12":0},"f":{"0":14,"1":7,"2":7,"3":0,"4":0,"5":0,"6":0,"7":0},"b":{"0":[0,7],"1":[14,0]},"meta":{"lastBranch":2,"lastFunction":8,"lastStatement":13,"seen":{"f:10:16:10:23":0,"s:11:2:18:Infinity":0,"f:11:8:11:24":1,"b:12:4:14:Infinity:undefined:undefined:undefined:undefined":0,"s:12:4:14:Infinity":1,"s:13:6:13:Infinity":2,"s:15:4:17:Infinity":3,"f:15:4:15:17":2,"s:16:6:16:Infinity":4,"b:20:2:20:Infinity:undefined:undefined:undefined:undefined":1,"s:20:2:20:Infinity":5,"s:20:13:20:Infinity":6,"s:22:2:28:Infinity":7,"f:23:73:23:88":3,"s:23:88:23:Infinity":8,"f:25:11:25:21":4,"s:25:27:25:Infinity":9,"f:32:16:32:30":5,"s:37:2:43:Infinity":10,"f:47:16:47:29":6,"s:51:2:52:Infinity":11,"f:56:16:56:28":7,"s:60:2:61:Infinity":12},"fnNames":{}}}
,"/media/ivan/Ultimate/Ivan/script/common/GinDHO/gindho-frontend/src/components/ui/input.tsx": {"path":"/media/ivan/Ultimate/Ivan/script/common/GinDHO/gindho-frontend/src/components/ui/input.tsx","statementMap":{"0":{"start":{"line":4,"column":14},"end":{"line":18,"column":null}},"1":{"start":{"line":6,"column":4},"end":{"line":15,"column":null}},"2":{"start":{"line":19,"column":0},"end":{"line":19,"column":null}}},"fnMap":{"0":{"name":"(anonymous_0)","decl":{"start":{"line":4,"column":20},"end":{"line":4,"column":null}},"loc":{"start":{"line":5,"column":42},"end":{"line":17,"column":null}},"line":5}},"branchMap":{},"s":{"0":6,"1":21,"2":6},"f":{"0":21},"b":{},"meta":{"lastBranch":0,"lastFunction":1,"lastStatement":3,"seen":{"s:4:14:18:Infinity":0,"f:4:20:4:Infinity":0,"s:6:4:15:Infinity":1,"s:19:0:19:Infinity":2},"fnNames":{}}}
,"/media/ivan/Ultimate/Ivan/script/common/GinDHO/gindho-frontend/src/components/ui/label.tsx": {"path":"/media/ivan/Ultimate/Ivan/script/common/GinDHO/gindho-frontend/src/components/ui/label.tsx","statementMap":{"0":{"start":{"line":4,"column":14},"end":{"line":15,"column":null}},"1":{"start":{"line":6,"column":4},"end":{"line":15,"column":null}},"2":{"start":{"line":16,"column":0},"end":{"line":16,"column":null}}},"fnMap":{"0":{"name":"(anonymous_0)","decl":{"start":{"line":4,"column":20},"end":{"line":4,"column":null}},"loc":{"start":{"line":6,"column":4},"end":{"line":15,"column":null}},"line":6}},"branchMap":{},"s":{"0":2,"1":0,"2":2},"f":{"0":0},"b":{},"meta":{"lastBranch":0,"lastFunction":1,"lastStatement":3,"seen":{"s:4:14:15:Infinity":0,"f:4:20:4:Infinity":0,"s:6:4:15:Infinity":1,"s:16:0:16:Infinity":2},"fnNames":{}}}
,"/media/ivan/Ultimate/Ivan/script/common/GinDHO/gindho-frontend/src/components/ui/select.tsx": {"path":"/media/ivan/Ultimate/Ivan/script/common/GinDHO/gindho-frontend/src/components/ui/select.tsx","statementMap":{"0":{"start":{"line":4,"column":22},"end":{"line":7,"column":null}},"1":{"start":{"line":20,"column":44},"end":{"line":20,"column":null}},"2":{"start":{"line":21,"column":2},"end":{"line":27,"column":null}},"3":{"start":{"line":32,"column":2},"end":{"line":36,"column":null}},"4":{"start":{"line":41,"column":20},"end":{"line":41,"column":null}},"5":{"start":{"line":42,"column":2},"end":{"line":42,"column":null}},"6":{"start":{"line":52,"column":2},"end":{"line":52,"column":null}},"7":{"start":{"line":64,"column":28},"end":{"line":64,"column":null}},"8":{"start":{"line":65,"column":2},"end":{"line":71,"column":null}},"9":{"start":{"line":68,"column":21},"end":{"line":68,"column":null}}},"fnMap":{"0":{"name":"(anonymous_0)","decl":{"start":{"line":7,"column":16},"end":{"line":7,"column":37}},"loc":{"start":{"line":7,"column":37},"end":{"line":7,"column":40}},"line":7},"1":{"name":"Select","decl":{"start":{"line":9,"column":16},"end":{"line":9,"column":23}},"loc":{"start":{"line":19,"column":3},"end":{"line":29,"column":null}},"line":19},"2":{"name":"SelectTrigger","decl":{"start":{"line":31,"column":16},"end":{"line":31,"column":30}},"loc":{"start":{"line":31,"column":87},"end":{"line":38,"column":null}},"line":31},"3":{"name":"SelectValue","decl":{"start":{"line":40,"column":16},"end":{"line":40,"column":30}},"loc":{"start":{"line":40,"column":30},"end":{"line":43,"column":null}},"line":40},"4":{"name":"SelectContent","decl":{"start":{"line":45,"column":16},"end":{"line":45,"column":30}},"loc":{"start":{"line":51,"column":3},"end":{"line":53,"column":null}},"line":51},"5":{"name":"SelectItem","decl":{"start":{"line":55,"column":16},"end":{"line":55,"column":27}},"loc":{"start":{"line":63,"column":3},"end":{"line":73,"column":null}},"line":63},"6":{"name":"(anonymous_6)","decl":{"start":{"line":68,"column":6},"end":{"line":68,"column":21}},"loc":{"start":{"line":68,"column":21},"end":{"line":68,"column":null}},"line":68}},"branchMap":{"0":{"loc":{"start":{"line":20,"column":59},"end":{"line":20,"column":77}},"type":"binary-expr","locations":[{"start":{"line":20,"column":59},"end":{"line":20,"column":75}},{"start":{"line":20,"column":75},"end":{"line":20,"column":77}}],"line":20},"1":{"loc":{"start":{"line":23,"column":13},"end":{"line":23,"column":null}},"type":"binary-expr","locations":[{"start":{"line":23,"column":13},"end":{"line":23,"column":22}},{"start":{"line":23,"column":22},"end":{"line":23,"column":null}}],"line":23},"2":{"loc":{"start":{"line":24,"column":21},"end":{"line":24,"column":null}},"type":"binary-expr","locations":[{"start":{"line":24,"column":21},"end":{"line":24,"column":38}},{"start":{"line":24,"column":38},"end":{"line":24,"column":null}}],"line":24}},"s":{"0":2,"1":0,"2":0,"3":0,"4":0,"5":0,"6":0,"7":0,"8":0,"9":0},"f":{"0":0,"1":0,"2":0,"3":0,"4":0,"5":0,"6":0},"b":{"0":[0,0],"1":[0,0],"2":[0,0]},"meta":{"lastBranch":3,"lastFunction":7,"lastStatement":10,"seen":{"s:4:22:7:Infinity":0,"f:7:16:7:37":0,"f:9:16:9:23":1,"s:20:44:20:Infinity":1,"b:20:59:20:75:20:75:20:77":0,"s:21:2:27:Infinity":2,"b:23:13:23:22:23:22:23:Infinity":1,"b:24:21:24:38:24:38:24:Infinity":2,"f:31:16:31:30":2,"s:32:2:36:Infinity":3,"f:40:16:40:30":3,"s:41:20:41:Infinity":4,"s:42:2:42:Infinity":5,"f:45:16:45:30":4,"s:52:2:52:Infinity":6,"f:55:16:55:27":5,"s:64:28:64:Infinity":7,"s:65:2:71:Infinity":8,"f:68:6:68:21":6,"s:68:21:68:Infinity":9},"fnNames":{}}}
,"/media/ivan/Ultimate/Ivan/script/common/GinDHO/gindho-frontend/src/hooks/use-appointments.ts": {"path":"/media/ivan/Ultimate/Ivan/script/common/GinDHO/gindho-frontend/src/hooks/use-appointments.ts","statementMap":{"0":{"start":{"line":18,"column":25},"end":{"line":18,"column":null}},"1":{"start":{"line":19,"column":25},"end":{"line":19,"column":null}},"2":{"start":{"line":21,"column":2},"end":{"line":28,"column":null}},"3":{"start":{"line":24,"column":21},"end":{"line":24,"column":null}},"4":{"start":{"line":32,"column":2},"end":{"line":36,"column":null}},"5":{"start":{"line":34,"column":19},"end":{"line":34,"column":null}},"6":{"start":{"line":40,"column":8},"end":{"line":40,"column":null}},"7":{"start":{"line":41,"column":2},"end":{"line":46,"column":null}},"8":{"start":{"line":42,"column":48},"end":{"line":42,"column":null}},"9":{"start":{"line":44,"column":6},"end":{"line":44,"column":null}},"10":{"start":{"line":50,"column":8},"end":{"line":50,"column":null}},"11":{"start":{"line":51,"column":2},"end":{"line":57,"column":null}},"12":{"start":{"line":53,"column":6},"end":{"line":53,"column":null}},"13":{"start":{"line":55,"column":6},"end":{"line":55,"column":null}},"14":{"start":{"line":61,"column":8},"end":{"line":61,"column":null}},"15":{"start":{"line":62,"column":2},"end":{"line":67,"column":null}},"16":{"start":{"line":63,"column":32},"end":{"line":63,"column":null}},"17":{"start":{"line":65,"column":6},"end":{"line":65,"column":null}}},"fnMap":{"0":{"name":"useAppointments","decl":{"start":{"line":17,"column":16},"end":{"line":17,"column":32}},"loc":{"start":{"line":17,"column":85},"end":{"line":29,"column":null}},"line":17},"1":{"name":"(anonymous_1)","decl":{"start":{"line":24,"column":6},"end":{"line":24,"column":21}},"loc":{"start":{"line":24,"column":21},"end":{"line":24,"column":null}},"line":24},"2":{"name":"useAppointment","decl":{"start":{"line":31,"column":16},"end":{"line":31,"column":31}},"loc":{"start":{"line":31,"column":43},"end":{"line":37,"column":null}},"line":31},"3":{"name":"(anonymous_3)","decl":{"start":{"line":34,"column":4},"end":{"line":34,"column":19}},"loc":{"start":{"line":34,"column":19},"end":{"line":34,"column":null}},"line":34},"4":{"name":"useCreateAppointment","decl":{"start":{"line":39,"column":16},"end":{"line":39,"column":39}},"loc":{"start":{"line":39,"column":39},"end":{"line":47,"column":null}},"line":39},"5":{"name":"(anonymous_5)","decl":{"start":{"line":42,"column":4},"end":{"line":42,"column":17}},"loc":{"start":{"line":42,"column":48},"end":{"line":42,"column":null}},"line":42},"6":{"name":"(anonymous_6)","decl":{"start":{"line":43,"column":4},"end":{"line":43,"column":21}},"loc":{"start":{"line":43,"column":21},"end":{"line":45,"column":null}},"line":43},"7":{"name":"useUpdateAppointment","decl":{"start":{"line":49,"column":16},"end":{"line":49,"column":39}},"loc":{"start":{"line":49,"column":39},"end":{"line":58,"column":null}},"line":49},"8":{"name":"(anonymous_8)","decl":{"start":{"line":52,"column":4},"end":{"line":52,"column":17}},"loc":{"start":{"line":53,"column":6},"end":{"line":53,"column":null}},"line":53},"9":{"name":"(anonymous_9)","decl":{"start":{"line":54,"column":4},"end":{"line":54,"column":21}},"loc":{"start":{"line":54,"column":21},"end":{"line":56,"column":null}},"line":54},"10":{"name":"useDeleteAppointment","decl":{"start":{"line":60,"column":16},"end":{"line":60,"column":39}},"loc":{"start":{"line":60,"column":39},"end":{"line":68,"column":null}},"line":60},"11":{"name":"(anonymous_11)","decl":{"start":{"line":63,"column":4},"end":{"line":63,"column":17}},"loc":{"start":{"line":63,"column":32},"end":{"line":63,"column":null}},"line":63},"12":{"name":"(anonymous_12)","decl":{"start":{"line":64,"column":4},"end":{"line":64,"column":21}},"loc":{"start":{"line":64,"column":21},"end":{"line":66,"column":null}},"line":64}},"branchMap":{},"s":{"0":9,"1":9,"2":9,"3":6,"4":0,"5":0,"6":9,"7":9,"8":0,"9":0,"10":9,"11":9,"12":0,"13":0,"14":0,"15":0,"16":0,"17":0},"f":{"0":9,"1":6,"2":0,"3":0,"4":9,"5":0,"6":0,"7":9,"8":0,"9":0,"10":0,"11":0,"12":0},"b":{},"meta":{"lastBranch":0,"lastFunction":13,"lastStatement":18,"seen":{"f:17:16:17:32":0,"s:18:25:18:Infinity":0,"s:19:25:19:Infinity":1,"s:21:2:28:Infinity":2,"f:24:6:24:21":1,"s:24:21:24:Infinity":3,"f:31:16:31:31":2,"s:32:2:36:Infinity":4,"f:34:4:34:19":3,"s:34:19:34:Infinity":5,"f:39:16:39:39":4,"s:40:8:40:Infinity":6,"s:41:2:46:Infinity":7,"f:42:4:42:17":5,"s:42:48:42:Infinity":8,"f:43:4:43:21":6,"s:44:6:44:Infinity":9,"f:49:16:49:39":7,"s:50:8:50:Infinity":10,"s:51:2:57:Infinity":11,"f:52:4:52:17":8,"s:53:6:53:Infinity":12,"f:54:4:54:21":9,"s:55:6:55:Infinity":13,"f:60:16:60:39":10,"s:61:8:61:Infinity":14,"s:62:2:67:Infinity":15,"f:63:4:63:17":11,"s:63:32:63:Infinity":16,"f:64:4:64:21":12,"s:65:6:65:Infinity":17},"fnNames":{}}}
,"/media/ivan/Ultimate/Ivan/script/common/GinDHO/gindho-frontend/src/hooks/use-auth.ts": {"path":"/media/ivan/Ultimate/Ivan/script/common/GinDHO/gindho-frontend/src/hooks/use-auth.ts","statementMap":{"0":{"start":{"line":6,"column":2},"end":{"line":10,"column":null}},"1":{"start":{"line":14,"column":2},"end":{"line":18,"column":null}},"2":{"start":{"line":22,"column":8},"end":{"line":22,"column":null}},"3":{"start":{"line":23,"column":2},"end":{"line":29,"column":null}},"4":{"start":{"line":25,"column":6},"end":{"line":25,"column":null}},"5":{"start":{"line":27,"column":6},"end":{"line":27,"column":null}},"6":{"start":{"line":33,"column":8},"end":{"line":33,"column":null}},"7":{"start":{"line":34,"column":2},"end":{"line":40,"column":null}},"8":{"start":{"line":36,"column":6},"end":{"line":36,"column":null}},"9":{"start":{"line":38,"column":6},"end":{"line":38,"column":null}},"10":{"start":{"line":44,"column":8},"end":{"line":44,"column":null}},"11":{"start":{"line":45,"column":2},"end":{"line":53,"column":null}},"12":{"start":{"line":47,"column":6},"end":{"line":47,"column":null}},"13":{"start":{"line":48,"column":6},"end":{"line":48,"column":null}},"14":{"start":{"line":51,"column":6},"end":{"line":51,"column":null}},"15":{"start":{"line":57,"column":2},"end":{"line":60,"column":null}},"16":{"start":{"line":58,"column":11},"end":{"line":59,"column":null}},"17":{"start":{"line":64,"column":2},"end":{"line":64,"column":null}}},"fnMap":{"0":{"name":"useCurrentUser","decl":{"start":{"line":5,"column":16},"end":{"line":5,"column":33}},"loc":{"start":{"line":5,"column":33},"end":{"line":11,"column":null}},"line":5},"1":{"name":"usePermissions","decl":{"start":{"line":13,"column":16},"end":{"line":13,"column":33}},"loc":{"start":{"line":13,"column":33},"end":{"line":19,"column":null}},"line":13},"2":{"name":"useLogin","decl":{"start":{"line":21,"column":16},"end":{"line":21,"column":27}},"loc":{"start":{"line":21,"column":27},"end":{"line":30,"column":null}},"line":21},"3":{"name":"(anonymous_3)","decl":{"start":{"line":24,"column":4},"end":{"line":24,"column":17}},"loc":{"start":{"line":25,"column":6},"end":{"line":25,"column":null}},"line":25},"4":{"name":"(anonymous_4)","decl":{"start":{"line":26,"column":4},"end":{"line":26,"column":21}},"loc":{"start":{"line":26,"column":21},"end":{"line":28,"column":null}},"line":26},"5":{"name":"useRegister","decl":{"start":{"line":32,"column":16},"end":{"line":32,"column":30}},"loc":{"start":{"line":32,"column":30},"end":{"line":41,"column":null}},"line":32},"6":{"name":"(anonymous_6)","decl":{"start":{"line":35,"column":4},"end":{"line":35,"column":17}},"loc":{"start":{"line":36,"column":6},"end":{"line":36,"column":null}},"line":36},"7":{"name":"(anonymous_7)","decl":{"start":{"line":37,"column":4},"end":{"line":37,"column":21}},"loc":{"start":{"line":37,"column":21},"end":{"line":39,"column":null}},"line":37},"8":{"name":"useLogout","decl":{"start":{"line":43,"column":16},"end":{"line":43,"column":28}},"loc":{"start":{"line":43,"column":28},"end":{"line":54,"column":null}},"line":43},"9":{"name":"(anonymous_9)","decl":{"start":{"line":46,"column":16},"end":{"line":46,"column":28}},"loc":{"start":{"line":46,"column":28},"end":{"line":49,"column":null}},"line":46},"10":{"name":"(anonymous_10)","decl":{"start":{"line":50,"column":4},"end":{"line":50,"column":21}},"loc":{"start":{"line":50,"column":21},"end":{"line":52,"column":null}},"line":50},"11":{"name":"hasPermission","decl":{"start":{"line":56,"column":16},"end":{"line":56,"column":30}},"loc":{"start":{"line":56,"column":98},"end":{"line":61,"column":null}},"line":56},"12":{"name":"(anonymous_12)","decl":{"start":{"line":57,"column":25},"end":{"line":57,"column":null}},"loc":{"start":{"line":58,"column":11},"end":{"line":59,"column":null}},"line":58},"13":{"name":"hasRole","decl":{"start":{"line":63,"column":16},"end":{"line":63,"column":24}},"loc":{"start":{"line":63,"column":75},"end":{"line":65,"column":null}},"line":63}},"branchMap":{"0":{"loc":{"start":{"line":58,"column":11},"end":{"line":59,"column":null}},"type":"binary-expr","locations":[{"start":{"line":58,"column":11},"end":{"line":58,"column":null}},{"start":{"line":59,"column":7},"end":{"line":59,"column":22}},{"start":{"line":59,"column":22},"end":{"line":59,"column":34}},{"start":{"line":59,"column":34},"end":{"line":59,"column":null}}],"line":58}},"s":{"0":2,"1":0,"2":0,"3":0,"4":0,"5":0,"6":0,"7":0,"8":0,"9":0,"10":0,"11":0,"12":0,"13":0,"14":0,"15":0,"16":0,"17":0},"f":{"0":2,"1":0,"2":0,"3":0,"4":0,"5":0,"6":0,"7":0,"8":0,"9":0,"10":0,"11":0,"12":0,"13":0},"b":{"0":[0,0,0,0]},"meta":{"lastBranch":1,"lastFunction":14,"lastStatement":18,"seen":{"f:5:16:5:33":0,"s:6:2:10:Infinity":0,"f:13:16:13:33":1,"s:14:2:18:Infinity":1,"f:21:16:21:27":2,"s:22:8:22:Infinity":2,"s:23:2:29:Infinity":3,"f:24:4:24:17":3,"s:25:6:25:Infinity":4,"f:26:4:26:21":4,"s:27:6:27:Infinity":5,"f:32:16:32:30":5,"s:33:8:33:Infinity":6,"s:34:2:40:Infinity":7,"f:35:4:35:17":6,"s:36:6:36:Infinity":8,"f:37:4:37:21":7,"s:38:6:38:Infinity":9,"f:43:16:43:28":8,"s:44:8:44:Infinity":10,"s:45:2:53:Infinity":11,"f:46:16:46:28":9,"s:47:6:47:Infinity":12,"s:48:6:48:Infinity":13,"f:50:4:50:21":10,"s:51:6:51:Infinity":14,"f:56:16:56:30":11,"s:57:2:60:Infinity":15,"f:57:25:57:Infinity":12,"s:58:11:59:Infinity":16,"b:58:11:58:Infinity:59:7:59:22:59:22:59:34:59:34:59:Infinity":0,"f:63:16:63:24":13,"s:64:2:64:Infinity":17},"fnNames":{}}}
,"/media/ivan/Ultimate/Ivan/script/common/GinDHO/gindho-frontend/src/hooks/use-bookmarks.tsx": {"path":"/media/ivan/Ultimate/Ivan/script/common/GinDHO/gindho-frontend/src/hooks/use-bookmarks.tsx","statementMap":{"0":{"start":{"line":5,"column":22},"end":{"line":5,"column":null}},"1":{"start":{"line":15,"column":20},"end":{"line":15,"column":null}},"2":{"start":{"line":17,"column":2},"end":{"line":26,"column":null}},"3":{"start":{"line":18,"column":19},"end":{"line":18,"column":null}},"4":{"start":{"line":19,"column":4},"end":{"line":25,"column":null}},"5":{"start":{"line":20,"column":6},"end":{"line":24,"column":null}},"6":{"start":{"line":21,"column":8},"end":{"line":21,"column":null}},"7":{"start":{"line":23,"column":8},"end":{"line":23,"column":null}},"8":{"start":{"line":28,"column":8},"end":{"line":32,"column":null}},"9":{"start":{"line":29,"column":25},"end":{"line":29,"column":null}},"10":{"start":{"line":30,"column":4},"end":{"line":30,"column":null}},"11":{"start":{"line":31,"column":4},"end":{"line":31,"column":null}},"12":{"start":{"line":34,"column":8},"end":{"line":38,"column":null}},"13":{"start":{"line":35,"column":25},"end":{"line":35,"column":null}},"14":{"start":{"line":35,"column":49},"end":{"line":35,"column":60}},"15":{"start":{"line":36,"column":4},"end":{"line":36,"column":null}},"16":{"start":{"line":37,"column":4},"end":{"line":37,"column":null}},"17":{"start":{"line":40,"column":8},"end":{"line":40,"column":null}},"18":{"start":{"line":40,"column":39},"end":{"line":40,"column":null}},"19":{"start":{"line":40,"column":61},"end":{"line":40,"column":72}},"20":{"start":{"line":42,"column":8},"end":{"line":48,"column":null}},"21":{"start":{"line":43,"column":4},"end":{"line":47,"column":null}},"22":{"start":{"line":44,"column":6},"end":{"line":44,"column":null}},"23":{"start":{"line":46,"column":6},"end":{"line":46,"column":null}},"24":{"start":{"line":50,"column":2},"end":{"line":50,"column":null}},"25":{"start":{"line":61,"column":43},"end":{"line":61,"column":null}},"26":{"start":{"line":63,"column":2},"end":{"line":71,"column":null}},"27":{"start":{"line":67,"column":21},"end":{"line":67,"column":null}}},"fnMap":{"0":{"name":"useBookmarks","decl":{"start":{"line":14,"column":16},"end":{"line":14,"column":31}},"loc":{"start":{"line":14,"column":31},"end":{"line":51,"column":null}},"line":14},"1":{"name":"(anonymous_1)","decl":{"start":{"line":17,"column":2},"end":{"line":17,"column":18}},"loc":{"start":{"line":17,"column":18},"end":{"line":26,"column":5}},"line":17},"2":{"name":"(anonymous_2)","decl":{"start":{"line":28,"column":8},"end":{"line":28,"column":23}},"loc":{"start":{"line":28,"column":46},"end":{"line":32,"column":null}},"line":28},"3":{"name":"(anonymous_3)","decl":{"start":{"line":34,"column":8},"end":{"line":34,"column":26}},"loc":{"start":{"line":34,"column":41},"end":{"line":38,"column":null}},"line":34},"4":{"name":"(anonymous_4)","decl":{"start":{"line":35,"column":35},"end":{"line":35,"column":43}},"loc":{"start":{"line":35,"column":49},"end":{"line":35,"column":60}},"line":35},"5":{"name":"(anonymous_5)","decl":{"start":{"line":40,"column":8},"end":{"line":40,"column":24}},"loc":{"start":{"line":40,"column":39},"end":{"line":40,"column":null}},"line":40},"6":{"name":"(anonymous_6)","decl":{"start":{"line":40,"column":49},"end":{"line":40,"column":55}},"loc":{"start":{"line":40,"column":61},"end":{"line":40,"column":72}},"line":40},"7":{"name":"(anonymous_7)","decl":{"start":{"line":42,"column":8},"end":{"line":42,"column":26}},"loc":{"start":{"line":42,"column":49},"end":{"line":48,"column":null}},"line":42},"8":{"name":"BookmarkButton","decl":{"start":{"line":60,"column":16},"end":{"line":60,"column":31}},"loc":{"start":{"line":60,"column":79},"end":{"line":73,"column":null}},"line":60},"9":{"name":"(anonymous_9)","decl":{"start":{"line":67,"column":6},"end":{"line":67,"column":21}},"loc":{"start":{"line":67,"column":21},"end":{"line":67,"column":null}},"line":67}},"branchMap":{"0":{"loc":{"start":{"line":19,"column":4},"end":{"line":25,"column":null}},"type":"if","locations":[{"start":{"line":19,"column":4},"end":{"line":25,"column":null}},{"start":{},"end":{}}],"line":19},"1":{"loc":{"start":{"line":43,"column":4},"end":{"line":47,"column":null}},"type":"if","locations":[{"start":{"line":43,"column":4},"end":{"line":47,"column":null}},{"start":{"line":45,"column":11},"end":{"line":47,"column":null}}],"line":43},"2":{"loc":{"start":{"line":68,"column":17},"end":{"line":68,"column":null}},"type":"cond-expr","locations":[{"start":{"line":68,"column":36},"end":{"line":68,"column":53}},{"start":{"line":68,"column":53},"end":{"line":68,"column":null}}],"line":68}},"s":{"0":2,"1":4,"2":4,"3":2,"4":2,"5":0,"6":0,"7":0,"8":4,"9":1,"10":1,"11":1,"12":4,"13":1,"14":1,"15":1,"16":1,"17":4,"18":2,"19":1,"20":4,"21":0,"22":0,"23":0,"24":4,"25":0,"26":0,"27":0},"f":{"0":4,"1":2,"2":1,"3":1,"4":1,"5":2,"6":1,"7":0,"8":0,"9":0},"b":{"0":[0,2],"1":[0,0],"2":[0,0]},"meta":{"lastBranch":3,"lastFunction":10,"lastStatement":28,"seen":{"s:5:22:5:Infinity":0,"f:14:16:14:31":0,"s:15:20:15:Infinity":1,"s:17:2:26:Infinity":2,"f:17:2:17:18":1,"s:18:19:18:Infinity":3,"b:19:4:25:Infinity:undefined:undefined:undefined:undefined":0,"s:19:4:25:Infinity":4,"s:20:6:24:Infinity":5,"s:21:8:21:Infinity":6,"s:23:8:23:Infinity":7,"s:28:8:32:Infinity":8,"f:28:8:28:23":2,"s:29:25:29:Infinity":9,"s:30:4:30:Infinity":10,"s:31:4:31:Infinity":11,"s:34:8:38:Infinity":12,"f:34:8:34:26":3,"s:35:25:35:Infinity":13,"f:35:35:35:43":4,"s:35:49:35:60":14,"s:36:4:36:Infinity":15,"s:37:4:37:Infinity":16,"s:40:8:40:Infinity":17,"f:40:8:40:24":5,"s:40:39:40:Infinity":18,"f:40:49:40:55":6,"s:40:61:40:72":19,"s:42:8:48:Infinity":20,"f:42:8:42:26":7,"b:43:4:47:Infinity:45:11:47:Infinity":1,"s:43:4:47:Infinity":21,"s:44:6:44:Infinity":22,"s:46:6:46:Infinity":23,"s:50:2:50:Infinity":24,"f:60:16:60:31":8,"s:61:43:61:Infinity":25,"s:63:2:71:Infinity":26,"f:67:6:67:21":9,"s:67:21:67:Infinity":27,"b:68:36:68:53:68:53:68:Infinity":2},"fnNames":{}}}
,"/media/ivan/Ultimate/Ivan/script/common/GinDHO/gindho-frontend/src/hooks/use-dashboard.ts": {"path":"/media/ivan/Ultimate/Ivan/script/common/GinDHO/gindho-frontend/src/hooks/use-dashboard.ts","statementMap":{"0":{"start":{"line":15,"column":70},"end":{"line":28,"column":null}},"1":{"start":{"line":31,"column":2},"end":{"line":41,"column":null}},"2":{"start":{"line":34,"column":23},"end":{"line":34,"column":null}},"3":{"start":{"line":35,"column":26},"end":{"line":35,"column":null}},"4":{"start":{"line":36,"column":6},"end":{"line":38,"column":null}},"5":{"start":{"line":37,"column":33},"end":{"line":37,"column":53}}},"fnMap":{"0":{"name":"useDashboardStats","decl":{"start":{"line":30,"column":16},"end":{"line":30,"column":34}},"loc":{"start":{"line":30,"column":50},"end":{"line":42,"column":null}},"line":30},"1":{"name":"(anonymous_1)","decl":{"start":{"line":33,"column":13},"end":{"line":33,"column":59}},"loc":{"start":{"line":33,"column":59},"end":{"line":39,"column":null}},"line":33},"2":{"name":"(anonymous_2)","decl":{"start":{"line":37,"column":20},"end":{"line":37,"column":25}},"loc":{"start":{"line":37,"column":33},"end":{"line":37,"column":53}},"line":37}},"branchMap":{"0":{"loc":{"start":{"line":35,"column":26},"end":{"line":35,"column":null}},"type":"binary-expr","locations":[{"start":{"line":35,"column":26},"end":{"line":35,"column":61}},{"start":{"line":35,"column":61},"end":{"line":35,"column":null}}],"line":35}},"s":{"0":2,"1":1,"2":1,"3":0,"4":1,"5":0},"f":{"0":1,"1":1,"2":0},"b":{"0":[0,0]},"meta":{"lastBranch":1,"lastFunction":3,"lastStatement":6,"seen":{"s:15:70:28:Infinity":0,"f:30:16:30:34":0,"s:31:2:41:Infinity":1,"f:33:13:33:59":1,"s:34:23:34:Infinity":2,"s:35:26:35:Infinity":3,"b:35:26:35:61:35:61:35:Infinity":0,"s:36:6:38:Infinity":4,"f:37:20:37:25":2,"s:37:33:37:53":5},"fnNames":{}}}
,"/media/ivan/Ultimate/Ivan/script/common/GinDHO/gindho-frontend/src/hooks/use-laboratory.ts": {"path":"/media/ivan/Ultimate/Ivan/script/common/GinDHO/gindho-frontend/src/hooks/use-laboratory.ts","statementMap":{"0":{"start":{"line":15,"column":2},"end":{"line":18,"column":null}},"1":{"start":{"line":17,"column":19},"end":{"line":17,"column":null}},"2":{"start":{"line":22,"column":8},"end":{"line":22,"column":null}},"3":{"start":{"line":23,"column":2},"end":{"line":28,"column":null}},"4":{"start":{"line":24,"column":44},"end":{"line":24,"column":null}},"5":{"start":{"line":26,"column":6},"end":{"line":26,"column":null}},"6":{"start":{"line":32,"column":8},"end":{"line":32,"column":null}},"7":{"start":{"line":33,"column":2},"end":{"line":39,"column":null}},"8":{"start":{"line":35,"column":6},"end":{"line":35,"column":null}},"9":{"start":{"line":37,"column":6},"end":{"line":37,"column":null}}},"fnMap":{"0":{"name":"useLaboratory","decl":{"start":{"line":14,"column":16},"end":{"line":14,"column":30}},"loc":{"start":{"line":14,"column":80},"end":{"line":19,"column":null}},"line":14},"1":{"name":"(anonymous_1)","decl":{"start":{"line":17,"column":4},"end":{"line":17,"column":19}},"loc":{"start":{"line":17,"column":19},"end":{"line":17,"column":null}},"line":17},"2":{"name":"useCreateAnalyse","decl":{"start":{"line":21,"column":16},"end":{"line":21,"column":35}},"loc":{"start":{"line":21,"column":35},"end":{"line":29,"column":null}},"line":21},"3":{"name":"(anonymous_3)","decl":{"start":{"line":24,"column":4},"end":{"line":24,"column":17}},"loc":{"start":{"line":24,"column":44},"end":{"line":24,"column":null}},"line":24},"4":{"name":"(anonymous_4)","decl":{"start":{"line":25,"column":4},"end":{"line":25,"column":21}},"loc":{"start":{"line":25,"column":21},"end":{"line":27,"column":null}},"line":25},"5":{"name":"useUpdateAnalyseResult","decl":{"start":{"line":31,"column":16},"end":{"line":31,"column":41}},"loc":{"start":{"line":31,"column":41},"end":{"line":40,"column":null}},"line":31},"6":{"name":"(anonymous_6)","decl":{"start":{"line":34,"column":4},"end":{"line":34,"column":17}},"loc":{"start":{"line":35,"column":6},"end":{"line":35,"column":null}},"line":35},"7":{"name":"(anonymous_7)","decl":{"start":{"line":36,"column":4},"end":{"line":36,"column":21}},"loc":{"start":{"line":36,"column":21},"end":{"line":38,"column":null}},"line":36}},"branchMap":{},"s":{"0":2,"1":2,"2":0,"3":0,"4":0,"5":0,"6":0,"7":0,"8":0,"9":0},"f":{"0":2,"1":2,"2":0,"3":0,"4":0,"5":0,"6":0,"7":0},"b":{},"meta":{"lastBranch":0,"lastFunction":8,"lastStatement":10,"seen":{"f:14:16:14:30":0,"s:15:2:18:Infinity":0,"f:17:4:17:19":1,"s:17:19:17:Infinity":1,"f:21:16:21:35":2,"s:22:8:22:Infinity":2,"s:23:2:28:Infinity":3,"f:24:4:24:17":3,"s:24:44:24:Infinity":4,"f:25:4:25:21":4,"s:26:6:26:Infinity":5,"f:31:16:31:41":5,"s:32:8:32:Infinity":6,"s:33:2:39:Infinity":7,"f:34:4:34:17":6,"s:35:6:35:Infinity":8,"f:36:4:36:21":7,"s:37:6:37:Infinity":9},"fnNames":{}}}
,"/media/ivan/Ultimate/Ivan/script/common/GinDHO/gindho-frontend/src/hooks/use-medical-records.ts": {"path":"/media/ivan/Ultimate/Ivan/script/common/GinDHO/gindho-frontend/src/hooks/use-medical-records.ts","statementMap":{"0":{"start":{"line":15,"column":2},"end":{"line":19,"column":null}},"1":{"start":{"line":17,"column":19},"end":{"line":17,"column":null}},"2":{"start":{"line":23,"column":8},"end":{"line":23,"column":null}},"3":{"start":{"line":24,"column":2},"end":{"line":29,"column":null}},"4":{"start":{"line":25,"column":49},"end":{"line":25,"column":null}},"5":{"start":{"line":27,"column":6},"end":{"line":27,"column":null}},"6":{"start":{"line":33,"column":2},"end":{"line":37,"column":null}},"7":{"start":{"line":35,"column":19},"end":{"line":35,"column":null}}},"fnMap":{"0":{"name":"useMedicalRecords","decl":{"start":{"line":14,"column":16},"end":{"line":14,"column":34}},"loc":{"start":{"line":14,"column":54},"end":{"line":20,"column":null}},"line":14},"1":{"name":"(anonymous_1)","decl":{"start":{"line":17,"column":4},"end":{"line":17,"column":19}},"loc":{"start":{"line":17,"column":19},"end":{"line":17,"column":null}},"line":17},"2":{"name":"useCreateConsultation","decl":{"start":{"line":22,"column":16},"end":{"line":22,"column":40}},"loc":{"start":{"line":22,"column":40},"end":{"line":30,"column":null}},"line":22},"3":{"name":"(anonymous_3)","decl":{"start":{"line":25,"column":4},"end":{"line":25,"column":17}},"loc":{"start":{"line":25,"column":49},"end":{"line":25,"column":null}},"line":25},"4":{"name":"(anonymous_4)","decl":{"start":{"line":26,"column":4},"end":{"line":26,"column":21}},"loc":{"start":{"line":26,"column":21},"end":{"line":28,"column":null}},"line":26},"5":{"name":"useAnalyses","decl":{"start":{"line":32,"column":16},"end":{"line":32,"column":28}},"loc":{"start":{"line":32,"column":48},"end":{"line":38,"column":null}},"line":32},"6":{"name":"(anonymous_6)","decl":{"start":{"line":35,"column":4},"end":{"line":35,"column":19}},"loc":{"start":{"line":35,"column":19},"end":{"line":35,"column":null}},"line":35}},"branchMap":{"0":{"loc":{"start":{"line":17,"column":54},"end":{"line":17,"column":69}},"type":"binary-expr","locations":[{"start":{"line":17,"column":54},"end":{"line":17,"column":67}},{"start":{"line":17,"column":67},"end":{"line":17,"column":69}}],"line":17},"1":{"loc":{"start":{"line":35,"column":49},"end":{"line":35,"column":64}},"type":"binary-expr","locations":[{"start":{"line":35,"column":49},"end":{"line":35,"column":62}},{"start":{"line":35,"column":62},"end":{"line":35,"column":64}}],"line":35}},"s":{"0":0,"1":0,"2":0,"3":0,"4":0,"5":0,"6":0,"7":0},"f":{"0":0,"1":0,"2":0,"3":0,"4":0,"5":0,"6":0},"b":{"0":[0,0],"1":[0,0]},"meta":{"lastBranch":2,"lastFunction":7,"lastStatement":8,"seen":{"f:14:16:14:34":0,"s:15:2:19:Infinity":0,"f:17:4:17:19":1,"s:17:19:17:Infinity":1,"b:17:54:17:67:17:67:17:69":0,"f:22:16:22:40":2,"s:23:8:23:Infinity":2,"s:24:2:29:Infinity":3,"f:25:4:25:17":3,"s:25:49:25:Infinity":4,"f:26:4:26:21":4,"s:27:6:27:Infinity":5,"f:32:16:32:28":5,"s:33:2:37:Infinity":6,"f:35:4:35:19":6,"s:35:19:35:Infinity":7,"b:35:49:35:62:35:62:35:64":1},"fnNames":{}}}
,"/media/ivan/Ultimate/Ivan/script/common/GinDHO/gindho-frontend/src/hooks/use-patients.ts": {"path":"/media/ivan/Ultimate/Ivan/script/common/GinDHO/gindho-frontend/src/hooks/use-patients.ts","statementMap":{"0":{"start":{"line":11,"column":25},"end":{"line":11,"column":null}},"1":{"start":{"line":12,"column":25},"end":{"line":12,"column":null}},"2":{"start":{"line":14,"column":2},"end":{"line":21,"column":null}},"3":{"start":{"line":17,"column":21},"end":{"line":17,"column":null}},"4":{"start":{"line":25,"column":2},"end":{"line":29,"column":null}},"5":{"start":{"line":27,"column":19},"end":{"line":27,"column":null}},"6":{"start":{"line":33,"column":8},"end":{"line":33,"column":null}},"7":{"start":{"line":34,"column":2},"end":{"line":39,"column":null}},"8":{"start":{"line":35,"column":44},"end":{"line":35,"column":null}},"9":{"start":{"line":37,"column":6},"end":{"line":37,"column":null}},"10":{"start":{"line":43,"column":8},"end":{"line":43,"column":null}},"11":{"start":{"line":44,"column":2},"end":{"line":50,"column":null}},"12":{"start":{"line":46,"column":6},"end":{"line":46,"column":null}},"13":{"start":{"line":48,"column":6},"end":{"line":48,"column":null}},"14":{"start":{"line":54,"column":8},"end":{"line":54,"column":null}},"15":{"start":{"line":55,"column":2},"end":{"line":60,"column":null}},"16":{"start":{"line":56,"column":32},"end":{"line":56,"column":null}},"17":{"start":{"line":58,"column":6},"end":{"line":58,"column":null}}},"fnMap":{"0":{"name":"usePatients","decl":{"start":{"line":10,"column":16},"end":{"line":10,"column":28}},"loc":{"start":{"line":10,"column":88},"end":{"line":22,"column":null}},"line":10},"1":{"name":"(anonymous_1)","decl":{"start":{"line":17,"column":6},"end":{"line":17,"column":21}},"loc":{"start":{"line":17,"column":21},"end":{"line":17,"column":null}},"line":17},"2":{"name":"usePatient","decl":{"start":{"line":24,"column":16},"end":{"line":24,"column":27}},"loc":{"start":{"line":24,"column":39},"end":{"line":30,"column":null}},"line":24},"3":{"name":"(anonymous_3)","decl":{"start":{"line":27,"column":4},"end":{"line":27,"column":19}},"loc":{"start":{"line":27,"column":19},"end":{"line":27,"column":null}},"line":27},"4":{"name":"useCreatePatient","decl":{"start":{"line":32,"column":16},"end":{"line":32,"column":35}},"loc":{"start":{"line":32,"column":35},"end":{"line":40,"column":null}},"line":32},"5":{"name":"(anonymous_5)","decl":{"start":{"line":35,"column":4},"end":{"line":35,"column":17}},"loc":{"start":{"line":35,"column":44},"end":{"line":35,"column":null}},"line":35},"6":{"name":"(anonymous_6)","decl":{"start":{"line":36,"column":4},"end":{"line":36,"column":21}},"loc":{"start":{"line":36,"column":21},"end":{"line":38,"column":null}},"line":36},"7":{"name":"useUpdatePatient","decl":{"start":{"line":42,"column":16},"end":{"line":42,"column":35}},"loc":{"start":{"line":42,"column":35},"end":{"line":51,"column":null}},"line":42},"8":{"name":"(anonymous_8)","decl":{"start":{"line":45,"column":4},"end":{"line":45,"column":17}},"loc":{"start":{"line":46,"column":6},"end":{"line":46,"column":null}},"line":46},"9":{"name":"(anonymous_9)","decl":{"start":{"line":47,"column":4},"end":{"line":47,"column":21}},"loc":{"start":{"line":47,"column":21},"end":{"line":49,"column":null}},"line":47},"10":{"name":"useDeletePatient","decl":{"start":{"line":53,"column":16},"end":{"line":53,"column":35}},"loc":{"start":{"line":53,"column":35},"end":{"line":61,"column":null}},"line":53},"11":{"name":"(anonymous_11)","decl":{"start":{"line":56,"column":4},"end":{"line":56,"column":17}},"loc":{"start":{"line":56,"column":32},"end":{"line":56,"column":null}},"line":56},"12":{"name":"(anonymous_12)","decl":{"start":{"line":57,"column":4},"end":{"line":57,"column":21}},"loc":{"start":{"line":57,"column":21},"end":{"line":59,"column":null}},"line":57}},"branchMap":{},"s":{"0":16,"1":16,"2":16,"3":10,"4":0,"5":0,"6":17,"7":17,"8":1,"9":1,"10":17,"11":17,"12":1,"13":1,"14":1,"15":1,"16":1,"17":1},"f":{"0":16,"1":10,"2":0,"3":0,"4":17,"5":1,"6":1,"7":17,"8":1,"9":1,"10":1,"11":1,"12":1},"b":{},"meta":{"lastBranch":0,"lastFunction":13,"lastStatement":18,"seen":{"f:10:16:10:28":0,"s:11:25:11:Infinity":0,"s:12:25:12:Infinity":1,"s:14:2:21:Infinity":2,"f:17:6:17:21":1,"s:17:21:17:Infinity":3,"f:24:16:24:27":2,"s:25:2:29:Infinity":4,"f:27:4:27:19":3,"s:27:19:27:Infinity":5,"f:32:16:32:35":4,"s:33:8:33:Infinity":6,"s:34:2:39:Infinity":7,"f:35:4:35:17":5,"s:35:44:35:Infinity":8,"f:36:4:36:21":6,"s:37:6:37:Infinity":9,"f:42:16:42:35":7,"s:43:8:43:Infinity":10,"s:44:2:50:Infinity":11,"f:45:4:45:17":8,"s:46:6:46:Infinity":12,"f:47:4:47:21":9,"s:48:6:48:Infinity":13,"f:53:16:53:35":10,"s:54:8:54:Infinity":14,"s:55:2:60:Infinity":15,"f:56:4:56:17":11,"s:56:32:56:Infinity":16,"f:57:4:57:21":12,"s:58:6:58:Infinity":17},"fnNames":{}}}
,"/media/ivan/Ultimate/Ivan/script/common/GinDHO/gindho-frontend/src/hooks/use-payments.ts": {"path":"/media/ivan/Ultimate/Ivan/script/common/GinDHO/gindho-frontend/src/hooks/use-payments.ts","statementMap":{"0":{"start":{"line":14,"column":2},"end":{"line":17,"column":null}},"1":{"start":{"line":16,"column":19},"end":{"line":16,"column":null}},"2":{"start":{"line":21,"column":8},"end":{"line":21,"column":null}},"3":{"start":{"line":22,"column":2},"end":{"line":27,"column":null}},"4":{"start":{"line":23,"column":44},"end":{"line":23,"column":null}},"5":{"start":{"line":25,"column":6},"end":{"line":25,"column":null}},"6":{"start":{"line":31,"column":8},"end":{"line":31,"column":null}},"7":{"start":{"line":32,"column":2},"end":{"line":37,"column":null}},"8":{"start":{"line":33,"column":61},"end":{"line":33,"column":null}},"9":{"start":{"line":35,"column":6},"end":{"line":35,"column":null}}},"fnMap":{"0":{"name":"usePayments","decl":{"start":{"line":13,"column":16},"end":{"line":13,"column":28}},"loc":{"start":{"line":13,"column":48},"end":{"line":18,"column":null}},"line":13},"1":{"name":"(anonymous_1)","decl":{"start":{"line":16,"column":4},"end":{"line":16,"column":19}},"loc":{"start":{"line":16,"column":19},"end":{"line":16,"column":null}},"line":16},"2":{"name":"useCreateInvoice","decl":{"start":{"line":20,"column":16},"end":{"line":20,"column":35}},"loc":{"start":{"line":20,"column":35},"end":{"line":28,"column":null}},"line":20},"3":{"name":"(anonymous_3)","decl":{"start":{"line":23,"column":4},"end":{"line":23,"column":17}},"loc":{"start":{"line":23,"column":44},"end":{"line":23,"column":null}},"line":23},"4":{"name":"(anonymous_4)","decl":{"start":{"line":24,"column":4},"end":{"line":24,"column":21}},"loc":{"start":{"line":24,"column":21},"end":{"line":26,"column":null}},"line":24},"5":{"name":"usePayInvoice","decl":{"start":{"line":30,"column":16},"end":{"line":30,"column":32}},"loc":{"start":{"line":30,"column":32},"end":{"line":38,"column":null}},"line":30},"6":{"name":"(anonymous_6)","decl":{"start":{"line":33,"column":4},"end":{"line":33,"column":17}},"loc":{"start":{"line":33,"column":61},"end":{"line":33,"column":null}},"line":33},"7":{"name":"(anonymous_7)","decl":{"start":{"line":34,"column":4},"end":{"line":34,"column":21}},"loc":{"start":{"line":34,"column":21},"end":{"line":36,"column":null}},"line":34}},"branchMap":{},"s":{"0":2,"1":2,"2":0,"3":0,"4":0,"5":0,"6":0,"7":0,"8":0,"9":0},"f":{"0":2,"1":2,"2":0,"3":0,"4":0,"5":0,"6":0,"7":0},"b":{},"meta":{"lastBranch":0,"lastFunction":8,"lastStatement":10,"seen":{"f:13:16:13:28":0,"s:14:2:17:Infinity":0,"f:16:4:16:19":1,"s:16:19:16:Infinity":1,"f:20:16:20:35":2,"s:21:8:21:Infinity":2,"s:22:2:27:Infinity":3,"f:23:4:23:17":3,"s:23:44:23:Infinity":4,"f:24:4:24:21":4,"s:25:6:25:Infinity":5,"f:30:16:30:32":5,"s:31:8:31:Infinity":6,"s:32:2:37:Infinity":7,"f:33:4:33:17":6,"s:33:61:33:Infinity":8,"f:34:4:34:21":7,"s:35:6:35:Infinity":9},"fnNames":{}}}
,"/media/ivan/Ultimate/Ivan/script/common/GinDHO/gindho-frontend/src/hooks/use-pdf-export.ts": {"path":"/media/ivan/Ultimate/Ivan/script/common/GinDHO/gindho-frontend/src/hooks/use-pdf-export.ts","statementMap":{"0":{"start":{"line":10,"column":23},"end":{"line":10,"column":null}},"1":{"start":{"line":12,"column":28},"end":{"line":33,"column":null}},"2":{"start":{"line":13,"column":4},"end":{"line":13,"column":null}},"3":{"start":{"line":14,"column":4},"end":{"line":32,"column":null}},"4":{"start":{"line":15,"column":18},"end":{"line":15,"column":null}},"5":{"start":{"line":16,"column":6},"end":{"line":16,"column":null}},"6":{"start":{"line":17,"column":6},"end":{"line":17,"column":null}},"7":{"start":{"line":18,"column":6},"end":{"line":18,"column":null}},"8":{"start":{"line":20,"column":17},"end":{"line":20,"column":null}},"9":{"start":{"line":21,"column":6},"end":{"line":21,"column":null}},"10":{"start":{"line":22,"column":6},"end":{"line":22,"column":null}},"11":{"start":{"line":23,"column":6},"end":{"line":23,"column":null}},"12":{"start":{"line":24,"column":6},"end":{"line":24,"column":null}},"13":{"start":{"line":25,"column":6},"end":{"line":25,"column":null}},"14":{"start":{"line":26,"column":6},"end":{"line":26,"column":null}},"15":{"start":{"line":27,"column":6},"end":{"line":27,"column":null}},"16":{"start":{"line":29,"column":6},"end":{"line":29,"column":null}},"17":{"start":{"line":31,"column":6},"end":{"line":31,"column":null}},"18":{"start":{"line":35,"column":2},"end":{"line":35,"column":null}}},"fnMap":{"0":{"name":"usePDFExport","decl":{"start":{"line":9,"column":16},"end":{"line":9,"column":31}},"loc":{"start":{"line":9,"column":31},"end":{"line":36,"column":null}},"line":9},"1":{"name":"(anonymous_1)","decl":{"start":{"line":12,"column":28},"end":{"line":12,"column":35}},"loc":{"start":{"line":12,"column":64},"end":{"line":33,"column":null}},"line":12}},"branchMap":{"0":{"loc":{"start":{"line":27,"column":25},"end":{"line":27,"column":53}},"type":"binary-expr","locations":[{"start":{"line":27,"column":25},"end":{"line":27,"column":46}},{"start":{"line":27,"column":46},"end":{"line":27,"column":53}}],"line":27}},"s":{"0":3,"1":3,"2":0,"3":0,"4":0,"5":0,"6":0,"7":0,"8":0,"9":0,"10":0,"11":0,"12":0,"13":0,"14":0,"15":0,"16":0,"17":0,"18":3},"f":{"0":3,"1":0},"b":{"0":[0,0]},"meta":{"lastBranch":1,"lastFunction":2,"lastStatement":19,"seen":{"f:9:16:9:31":0,"s:10:23:10:Infinity":0,"s:12:28:33:Infinity":1,"f:12:28:12:35":1,"s:13:4:13:Infinity":2,"s:14:4:32:Infinity":3,"s:15:18:15:Infinity":4,"s:16:6:16:Infinity":5,"s:17:6:17:Infinity":6,"s:18:6:18:Infinity":7,"s:20:17:20:Infinity":8,"s:21:6:21:Infinity":9,"s:22:6:22:Infinity":10,"s:23:6:23:Infinity":11,"s:24:6:24:Infinity":12,"s:25:6:25:Infinity":13,"s:26:6:26:Infinity":14,"s:27:6:27:Infinity":15,"b:27:25:27:46:27:46:27:53":0,"s:29:6:29:Infinity":16,"s:31:6:31:Infinity":17,"s:35:2:35:Infinity":18},"fnNames":{}}}
,"/media/ivan/Ultimate/Ivan/script/common/GinDHO/gindho-frontend/src/hooks/use-pharmacy.ts": {"path":"/media/ivan/Ultimate/Ivan/script/common/GinDHO/gindho-frontend/src/hooks/use-pharmacy.ts","statementMap":{"0":{"start":{"line":21,"column":2},"end":{"line":25,"column":null}},"1":{"start":{"line":23,"column":19},"end":{"line":23,"column":null}},"2":{"start":{"line":29,"column":8},"end":{"line":29,"column":null}},"3":{"start":{"line":30,"column":2},"end":{"line":35,"column":null}},"4":{"start":{"line":31,"column":49},"end":{"line":31,"column":null}},"5":{"start":{"line":33,"column":6},"end":{"line":33,"column":null}},"6":{"start":{"line":39,"column":2},"end":{"line":42,"column":null}},"7":{"start":{"line":41,"column":19},"end":{"line":41,"column":null}}},"fnMap":{"0":{"name":"usePharmacy","decl":{"start":{"line":20,"column":16},"end":{"line":20,"column":28}},"loc":{"start":{"line":20,"column":48},"end":{"line":26,"column":null}},"line":20},"1":{"name":"(anonymous_1)","decl":{"start":{"line":23,"column":4},"end":{"line":23,"column":19}},"loc":{"start":{"line":23,"column":19},"end":{"line":23,"column":null}},"line":23},"2":{"name":"useCreatePrescription","decl":{"start":{"line":28,"column":16},"end":{"line":28,"column":40}},"loc":{"start":{"line":28,"column":40},"end":{"line":36,"column":null}},"line":28},"3":{"name":"(anonymous_3)","decl":{"start":{"line":31,"column":4},"end":{"line":31,"column":17}},"loc":{"start":{"line":31,"column":49},"end":{"line":31,"column":null}},"line":31},"4":{"name":"(anonymous_4)","decl":{"start":{"line":32,"column":4},"end":{"line":32,"column":21}},"loc":{"start":{"line":32,"column":21},"end":{"line":34,"column":null}},"line":32},"5":{"name":"useMedications","decl":{"start":{"line":38,"column":16},"end":{"line":38,"column":33}},"loc":{"start":{"line":38,"column":33},"end":{"line":43,"column":null}},"line":38},"6":{"name":"(anonymous_6)","decl":{"start":{"line":41,"column":4},"end":{"line":41,"column":19}},"loc":{"start":{"line":41,"column":19},"end":{"line":41,"column":null}},"line":41}},"branchMap":{"0":{"loc":{"start":{"line":23,"column":48},"end":{"line":23,"column":63}},"type":"binary-expr","locations":[{"start":{"line":23,"column":48},"end":{"line":23,"column":61}},{"start":{"line":23,"column":61},"end":{"line":23,"column":63}}],"line":23}},"s":{"0":2,"1":0,"2":0,"3":0,"4":0,"5":0,"6":0,"7":0},"f":{"0":2,"1":0,"2":0,"3":0,"4":0,"5":0,"6":0},"b":{"0":[0,0]},"meta":{"lastBranch":1,"lastFunction":7,"lastStatement":8,"seen":{"f:20:16:20:28":0,"s:21:2:25:Infinity":0,"f:23:4:23:19":1,"s:23:19:23:Infinity":1,"b:23:48:23:61:23:61:23:63":0,"f:28:16:28:40":2,"s:29:8:29:Infinity":2,"s:30:2:35:Infinity":3,"f:31:4:31:17":3,"s:31:49:31:Infinity":4,"f:32:4:32:21":4,"s:33:6:33:Infinity":5,"f:38:16:38:33":5,"s:39:2:42:Infinity":6,"f:41:4:41:19":6,"s:41:19:41:Infinity":7},"fnNames":{}}}
,"/media/ivan/Ultimate/Ivan/script/common/GinDHO/gindho-frontend/src/lib/accessibility.ts": {"path":"/media/ivan/Ultimate/Ivan/script/common/GinDHO/gindho-frontend/src/lib/accessibility.ts","statementMap":{"0":{"start":{"line":5,"column":27},"end":{"line":45,"column":null}},"1":{"start":{"line":47,"column":13},"end":{"line":49,"column":null}},"2":{"start":{"line":48,"column":2},"end":{"line":48,"column":null}},"3":{"start":{"line":51,"column":13},"end":{"line":59,"column":null}},"4":{"start":{"line":52,"column":23},"end":{"line":52,"column":null}},"5":{"start":{"line":53,"column":2},"end":{"line":53,"column":null}},"6":{"start":{"line":54,"column":2},"end":{"line":54,"column":null}},"7":{"start":{"line":55,"column":2},"end":{"line":55,"column":null}},"8":{"start":{"line":56,"column":2},"end":{"line":56,"column":null}},"9":{"start":{"line":57,"column":2},"end":{"line":57,"column":null}},"10":{"start":{"line":58,"column":2},"end":{"line":58,"column":null}},"11":{"start":{"line":58,"column":19},"end":{"line":58,"column":60}},"12":{"start":{"line":61,"column":13},"end":{"line":83,"column":null}},"13":{"start":{"line":62,"column":28},"end":{"line":64,"column":null}},"14":{"start":{"line":65,"column":23},"end":{"line":65,"column":null}},"15":{"start":{"line":66,"column":22},"end":{"line":66,"column":null}},"16":{"start":{"line":68,"column":2},"end":{"line":82,"column":null}},"17":{"start":{"line":69,"column":4},"end":{"line":81,"column":null}},"18":{"start":{"line":70,"column":6},"end":{"line":80,"column":null}},"19":{"start":{"line":71,"column":8},"end":{"line":74,"column":null}},"20":{"start":{"line":72,"column":10},"end":{"line":72,"column":null}},"21":{"start":{"line":73,"column":10},"end":{"line":73,"column":null}},"22":{"start":{"line":76,"column":8},"end":{"line":79,"column":null}},"23":{"start":{"line":77,"column":10},"end":{"line":77,"column":null}},"24":{"start":{"line":78,"column":10},"end":{"line":78,"column":null}},"25":{"start":{"line":85,"column":13},"end":{"line":102,"column":null}},"26":{"start":{"line":86,"column":8},"end":{"line":95,"column":null}},"27":{"start":{"line":87,"column":16},"end":{"line":87,"column":null}},"28":{"start":{"line":88,"column":4},"end":{"line":88,"column":null}},"29":{"start":{"line":88,"column":14},"end":{"line":88,"column":null}},"30":{"start":{"line":89,"column":22},"end":{"line":89,"column":null}},"31":{"start":{"line":90,"column":25},"end":{"line":93,"column":null}},"32":{"start":{"line":91,"column":6},"end":{"line":91,"column":null}},"33":{"start":{"line":92,"column":6},"end":{"line":92,"column":null}},"34":{"start":{"line":94,"column":4},"end":{"line":94,"column":null}},"35":{"start":{"line":97,"column":13},"end":{"line":97,"column":null}},"36":{"start":{"line":98,"column":13},"end":{"line":98,"column":null}},"37":{"start":{"line":99,"column":8},"end":{"line":99,"column":null}},"38":{"start":{"line":101,"column":2},"end":{"line":101,"column":null}}},"fnMap":{"0":{"name":"(anonymous_0)","decl":{"start":{"line":47,"column":13},"end":{"line":47,"column":29}},"loc":{"start":{"line":47,"column":71},"end":{"line":49,"column":null}},"line":47},"1":{"name":"(anonymous_1)","decl":{"start":{"line":51,"column":13},"end":{"line":51,"column":39}},"loc":{"start":{"line":51,"column":59},"end":{"line":59,"column":null}},"line":51},"2":{"name":"(anonymous_2)","decl":{"start":{"line":58,"column":2},"end":{"line":58,"column":19}},"loc":{"start":{"line":58,"column":19},"end":{"line":58,"column":60}},"line":58},"3":{"name":"(anonymous_3)","decl":{"start":{"line":61,"column":13},"end":{"line":61,"column":26}},"loc":{"start":{"line":61,"column":51},"end":{"line":83,"column":null}},"line":61},"4":{"name":"(anonymous_4)","decl":{"start":{"line":68,"column":27},"end":{"line":68,"column":39}},"loc":{"start":{"line":68,"column":45},"end":{"line":82,"column":3}},"line":68},"5":{"name":"(anonymous_5)","decl":{"start":{"line":85,"column":13},"end":{"line":85,"column":35}},"loc":{"start":{"line":85,"column":87},"end":{"line":102,"column":null}},"line":85},"6":{"name":"(anonymous_6)","decl":{"start":{"line":86,"column":8},"end":{"line":86,"column":24}},"loc":{"start":{"line":86,"column":50},"end":{"line":95,"column":null}},"line":86},"7":{"name":"(anonymous_7)","decl":{"start":{"line":90,"column":35},"end":{"line":90,"column":40}},"loc":{"start":{"line":90,"column":46},"end":{"line":93,"column":5}},"line":90}},"branchMap":{"0":{"loc":{"start":{"line":69,"column":4},"end":{"line":81,"column":null}},"type":"if","locations":[{"start":{"line":69,"column":4},"end":{"line":81,"column":null}},{"start":{},"end":{}}],"line":69},"1":{"loc":{"start":{"line":70,"column":6},"end":{"line":80,"column":null}},"type":"if","locations":[{"start":{"line":70,"column":6},"end":{"line":80,"column":null}},{"start":{"line":75,"column":13},"end":{"line":80,"column":null}}],"line":70},"2":{"loc":{"start":{"line":71,"column":8},"end":{"line":74,"column":null}},"type":"if","locations":[{"start":{"line":71,"column":8},"end":{"line":74,"column":null}},{"start":{},"end":{}}],"line":71},"3":{"loc":{"start":{"line":76,"column":8},"end":{"line":79,"column":null}},"type":"if","locations":[{"start":{"line":76,"column":8},"end":{"line":79,"column":null}},{"start":{},"end":{}}],"line":76},"4":{"loc":{"start":{"line":88,"column":4},"end":{"line":88,"column":null}},"type":"if","locations":[{"start":{"line":88,"column":4},"end":{"line":88,"column":null}},{"start":{},"end":{}}],"line":88},"5":{"loc":{"start":{"line":92,"column":13},"end":{"line":92,"column":null}},"type":"cond-expr","locations":[{"start":{"line":92,"column":28},"end":{"line":92,"column":40}},{"start":{"line":92,"column":40},"end":{"line":92,"column":null}}],"line":92}},"s":{"0":1,"1":1,"2":0,"3":1,"4":0,"5":0,"6":0,"7":0,"8":0,"9":0,"10":0,"11":0,"12":1,"13":0,"14":0,"15":0,"16":0,"17":0,"18":0,"19":0,"20":0,"21":0,"22":0,"23":0,"24":0,"25":1,"26":3,"27":6,"28":6,"29":0,"30":6,"31":6,"32":18,"33":18,"34":6,"35":3,"36":3,"37":3,"38":3},"f":{"0":0,"1":0,"2":0,"3":0,"4":0,"5":3,"6":6,"7":18},"b":{"0":[0,0],"1":[0,0],"2":[0,0],"3":[0,0],"4":[0,6],"5":[6,12]},"meta":{"lastBranch":6,"lastFunction":8,"lastStatement":39,"seen":{"s:5:27:45:Infinity":0,"s:47:13:49:Infinity":1,"f:47:13:47:29":0,"s:48:2:48:Infinity":2,"s:51:13:59:Infinity":3,"f:51:13:51:39":1,"s:52:23:52:Infinity":4,"s:53:2:53:Infinity":5,"s:54:2:54:Infinity":6,"s:55:2:55:Infinity":7,"s:56:2:56:Infinity":8,"s:57:2:57:Infinity":9,"s:58:2:58:Infinity":10,"f:58:2:58:19":2,"s:58:19:58:60":11,"s:61:13:83:Infinity":12,"f:61:13:61:26":3,"s:62:28:64:Infinity":13,"s:65:23:65:Infinity":14,"s:66:22:66:Infinity":15,"s:68:2:82:Infinity":16,"f:68:27:68:39":4,"b:69:4:81:Infinity:undefined:undefined:undefined:undefined":0,"s:69:4:81:Infinity":17,"b:70:6:80:Infinity:75:13:80:Infinity":1,"s:70:6:80:Infinity":18,"b:71:8:74:Infinity:undefined:undefined:undefined:undefined":2,"s:71:8:74:Infinity":19,"s:72:10:72:Infinity":20,"s:73:10:73:Infinity":21,"b:76:8:79:Infinity:undefined:undefined:undefined:undefined":3,"s:76:8:79:Infinity":22,"s:77:10:77:Infinity":23,"s:78:10:78:Infinity":24,"s:85:13:102:Infinity":25,"f:85:13:85:35":5,"s:86:8:95:Infinity":26,"f:86:8:86:24":6,"s:87:16:87:Infinity":27,"b:88:4:88:Infinity:undefined:undefined:undefined:undefined":4,"s:88:4:88:Infinity":28,"s:88:14:88:Infinity":29,"s:89:22:89:Infinity":30,"s:90:25:93:Infinity":31,"f:90:35:90:40":7,"s:91:6:91:Infinity":32,"s:92:6:92:Infinity":33,"b:92:28:92:40:92:40:92:Infinity":5,"s:94:4:94:Infinity":34,"s:97:13:97:Infinity":35,"s:98:13:98:Infinity":36,"s:99:8:99:Infinity":37,"s:101:2:101:Infinity":38},"fnNames":{}}}
,"/media/ivan/Ultimate/Ivan/script/common/GinDHO/gindho-frontend/src/lib/api-client.ts": {"path":"/media/ivan/Ultimate/Ivan/script/common/GinDHO/gindho-frontend/src/lib/api-client.ts","statementMap":{"0":{"start":{"line":6,"column":55},"end":{"line":6,"column":null}},"1":{"start":{"line":7,"column":49},"end":{"line":7,"column":null}},"2":{"start":{"line":9,"column":13},"end":{"line":11,"column":null}},"3":{"start":{"line":10,"column":2},"end":{"line":10,"column":null}},"4":{"start":{"line":13,"column":13},"end":{"line":15,"column":null}},"5":{"start":{"line":14,"column":2},"end":{"line":14,"column":null}},"6":{"start":{"line":21,"column":4},"end":{"line":21,"column":null}},"7":{"start":{"line":29,"column":18},"end":{"line":29,"column":null}},"8":{"start":{"line":30,"column":33},"end":{"line":34,"column":null}},"9":{"start":{"line":36,"column":23},"end":{"line":36,"column":null}},"10":{"start":{"line":37,"column":22},"end":{"line":37,"column":null}},"11":{"start":{"line":37,"column":39},"end":{"line":37,"column":59}},"12":{"start":{"line":39,"column":4},"end":{"line":74,"column":null}},"13":{"start":{"line":40,"column":23},"end":{"line":44,"column":null}},"14":{"start":{"line":46,"column":6},"end":{"line":46,"column":null}},"15":{"start":{"line":48,"column":6},"end":{"line":61,"column":null}},"16":{"start":{"line":49,"column":8},"end":{"line":52,"column":null}},"17":{"start":{"line":50,"column":10},"end":{"line":50,"column":null}},"18":{"start":{"line":51,"column":10},"end":{"line":51,"column":null}},"19":{"start":{"line":53,"column":8},"end":{"line":56,"column":null}},"20":{"start":{"line":54,"column":10},"end":{"line":54,"column":null}},"21":{"start":{"line":55,"column":10},"end":{"line":55,"column":null}},"22":{"start":{"line":57,"column":22},"end":{"line":59,"column":null}},"23":{"start":{"line":57,"column":57},"end":{"line":59,"column":10}},"24":{"start":{"line":60,"column":8},"end":{"line":60,"column":null}},"25":{"start":{"line":63,"column":6},"end":{"line":63,"column":null}},"26":{"start":{"line":65,"column":6},"end":{"line":65,"column":null}},"27":{"start":{"line":68,"column":6},"end":{"line":71,"column":null}},"28":{"start":{"line":69,"column":8},"end":{"line":69,"column":null}},"29":{"start":{"line":70,"column":8},"end":{"line":70,"column":null}},"30":{"start":{"line":73,"column":6},"end":{"line":73,"column":null}},"31":{"start":{"line":78,"column":4},"end":{"line":78,"column":null}},"32":{"start":{"line":78,"column":36},"end":{"line":78,"column":null}},"33":{"start":{"line":79,"column":4},"end":{"line":79,"column":null}},"34":{"start":{"line":79,"column":70},"end":{"line":79,"column":null}},"35":{"start":{"line":80,"column":4},"end":{"line":80,"column":null}},"36":{"start":{"line":84,"column":4},"end":{"line":84,"column":null}},"37":{"start":{"line":84,"column":36},"end":{"line":84,"column":59}},"38":{"start":{"line":88,"column":4},"end":{"line":88,"column":null}},"39":{"start":{"line":92,"column":4},"end":{"line":95,"column":null}},"40":{"start":{"line":99,"column":4},"end":{"line":102,"column":null}},"41":{"start":{"line":106,"column":4},"end":{"line":109,"column":null}},"42":{"start":{"line":113,"column":4},"end":{"line":113,"column":null}},"43":{"start":{"line":118,"column":25},"end":{"line":118,"column":null}}},"fnMap":{"0":{"name":"(anonymous_0)","decl":{"start":{"line":9,"column":13},"end":{"line":9,"column":39}},"loc":{"start":{"line":9,"column":72},"end":{"line":11,"column":null}},"line":9},"1":{"name":"(anonymous_1)","decl":{"start":{"line":13,"column":13},"end":{"line":13,"column":36}},"loc":{"start":{"line":13,"column":66},"end":{"line":15,"column":null}},"line":13},"2":{"name":"constructor","decl":{"start":{"line":20,"column":2},"end":{"line":20,"column":14}},"loc":{"start":{"line":20,"column":31},"end":{"line":22,"column":null}},"line":20},"3":{"name":"request","decl":{"start":{"line":24,"column":8},"end":{"line":24,"column":null}},"loc":{"start":{"line":28,"column":16},"end":{"line":75,"column":null}},"line":28},"4":{"name":"(anonymous_4)","decl":{"start":{"line":37,"column":22},"end":{"line":37,"column":39}},"loc":{"start":{"line":37,"column":39},"end":{"line":37,"column":59}},"line":37},"5":{"name":"(anonymous_5)","decl":{"start":{"line":57,"column":44},"end":{"line":57,"column":57}},"loc":{"start":{"line":57,"column":57},"end":{"line":59,"column":10}},"line":57},"6":{"name":"shouldRetry","decl":{"start":{"line":77,"column":2},"end":{"line":77,"column":10}},"loc":{"start":{"line":77,"column":47},"end":{"line":81,"column":null}},"line":77},"7":{"name":"delay","decl":{"start":{"line":83,"column":2},"end":{"line":83,"column":10}},"loc":{"start":{"line":83,"column":43},"end":{"line":85,"column":null}},"line":83},"8":{"name":"(anonymous_8)","decl":{"start":{"line":84,"column":15},"end":{"line":84,"column":24}},"loc":{"start":{"line":84,"column":36},"end":{"line":84,"column":59}},"line":84},"9":{"name":"get","decl":{"start":{"line":87,"column":2},"end":{"line":87,"column":9}},"loc":{"start":{"line":87,"column":35},"end":{"line":89,"column":null}},"line":87},"10":{"name":"post","decl":{"start":{"line":91,"column":2},"end":{"line":91,"column":10}},"loc":{"start":{"line":91,"column":51},"end":{"line":96,"column":null}},"line":91},"11":{"name":"put","decl":{"start":{"line":98,"column":2},"end":{"line":98,"column":9}},"loc":{"start":{"line":98,"column":50},"end":{"line":103,"column":null}},"line":98},"12":{"name":"patch","decl":{"start":{"line":105,"column":2},"end":{"line":105,"column":11}},"loc":{"start":{"line":105,"column":52},"end":{"line":110,"column":null}},"line":105},"13":{"name":"delete","decl":{"start":{"line":112,"column":2},"end":{"line":112,"column":12}},"loc":{"start":{"line":112,"column":38},"end":{"line":114,"column":null}},"line":112}},"branchMap":{"0":{"loc":{"start":{"line":26,"column":4},"end":{"line":26,"column":null}},"type":"default-arg","locations":[{"start":{"line":26,"column":27},"end":{"line":26,"column":null}}],"line":26},"1":{"loc":{"start":{"line":27,"column":4},"end":{"line":27,"column":null}},"type":"default-arg","locations":[{"start":{"line":27,"column":17},"end":{"line":27,"column":null}}],"line":27},"2":{"loc":{"start":{"line":32,"column":10},"end":{"line":32,"column":null}},"type":"binary-expr","locations":[{"start":{"line":32,"column":10},"end":{"line":32,"column":19}},{"start":{"line":32,"column":19},"end":{"line":32,"column":null}}],"line":32},"3":{"loc":{"start":{"line":48,"column":6},"end":{"line":61,"column":null}},"type":"if","locations":[{"start":{"line":48,"column":6},"end":{"line":61,"column":null}},{"start":{},"end":{}}],"line":48},"4":{"loc":{"start":{"line":49,"column":8},"end":{"line":52,"column":null}},"type":"if","locations":[{"start":{"line":49,"column":8},"end":{"line":52,"column":null}},{"start":{},"end":{}}],"line":49},"5":{"loc":{"start":{"line":53,"column":8},"end":{"line":56,"column":null}},"type":"if","locations":[{"start":{"line":53,"column":8},"end":{"line":56,"column":null}},{"start":{},"end":{}}],"line":53},"6":{"loc":{"start":{"line":60,"column":24},"end":{"line":60,"column":81}},"type":"binary-expr","locations":[{"start":{"line":60,"column":24},"end":{"line":60,"column":41}},{"start":{"line":60,"column":41},"end":{"line":60,"column":56}},{"start":{"line":60,"column":56},"end":{"line":60,"column":81}}],"line":60},"7":{"loc":{"start":{"line":68,"column":6},"end":{"line":71,"column":null}},"type":"if","locations":[{"start":{"line":68,"column":6},"end":{"line":71,"column":null}},{"start":{},"end":{}}],"line":68},"8":{"loc":{"start":{"line":68,"column":10},"end":{"line":68,"column":77}},"type":"binary-expr","locations":[{"start":{"line":68,"column":10},"end":{"line":68,"column":52}},{"start":{"line":68,"column":52},"end":{"line":68,"column":77}}],"line":68},"9":{"loc":{"start":{"line":78,"column":4},"end":{"line":78,"column":null}},"type":"if","locations":[{"start":{"line":78,"column":4},"end":{"line":78,"column":null}},{"start":{},"end":{}}],"line":78},"10":{"loc":{"start":{"line":79,"column":4},"end":{"line":79,"column":null}},"type":"if","locations":[{"start":{"line":79,"column":4},"end":{"line":79,"column":null}},{"start":{},"end":{}}],"line":79},"11":{"loc":{"start":{"line":79,"column":8},"end":{"line":79,"column":70}},"type":"binary-expr","locations":[{"start":{"line":79,"column":8},"end":{"line":79,"column":41}},{"start":{"line":79,"column":41},"end":{"line":79,"column":70}}],"line":79}},"s":{"0":9,"1":9,"2":9,"3":0,"4":9,"5":0,"6":9,"7":26,"8":26,"9":26,"10":26,"11":0,"12":26,"13":26,"14":5,"15":5,"16":0,"17":0,"18":0,"19":0,"20":0,"21":0,"22":0,"23":0,"24":0,"25":5,"26":0,"27":0,"28":0,"29":0,"30":0,"31":0,"32":0,"33":0,"34":0,"35":0,"36":0,"37":0,"38":24,"39":2,"40":0,"41":0,"42":0,"43":9},"f":{"0":0,"1":0,"2":9,"3":26,"4":0,"5":0,"6":0,"7":0,"8":0,"9":24,"10":2,"11":0,"12":0,"13":0},"b":{"0":[26],"1":[26],"2":[26,0],"3":[0,5],"4":[0,0],"5":[0,0],"6":[0,0,0],"7":[0,0],"8":[0,0],"9":[0,0],"10":[0,0],"11":[0,0]},"meta":{"lastBranch":12,"lastFunction":14,"lastStatement":44,"seen":{"s:6:55:6:Infinity":0,"s:7:49:7:Infinity":1,"s:9:13:11:Infinity":2,"f:9:13:9:39":0,"s:10:2:10:Infinity":3,"s:13:13:15:Infinity":4,"f:13:13:13:36":1,"s:14:2:14:Infinity":5,"f:20:2:20:14":2,"s:21:4:21:Infinity":6,"f:24:8:24:Infinity":3,"b:26:27:26:Infinity":0,"b:27:17:27:Infinity":1,"s:29:18:29:Infinity":7,"s:30:33:34:Infinity":8,"b:32:10:32:19:32:19:32:Infinity":2,"s:36:23:36:Infinity":9,"s:37:22:37:Infinity":10,"f:37:22:37:39":4,"s:37:39:37:59":11,"s:39:4:74:Infinity":12,"s:40:23:44:Infinity":13,"s:46:6:46:Infinity":14,"b:48:6:61:Infinity:undefined:undefined:undefined:undefined":3,"s:48:6:61:Infinity":15,"b:49:8:52:Infinity:undefined:undefined:undefined:undefined":4,"s:49:8:52:Infinity":16,"s:50:10:50:Infinity":17,"s:51:10:51:Infinity":18,"b:53:8:56:Infinity:undefined:undefined:undefined:undefined":5,"s:53:8:56:Infinity":19,"s:54:10:54:Infinity":20,"s:55:10:55:Infinity":21,"s:57:22:59:Infinity":22,"f:57:44:57:57":5,"s:57:57:59:10":23,"s:60:8:60:Infinity":24,"b:60:24:60:41:60:41:60:56:60:56:60:81":6,"s:63:6:63:Infinity":25,"s:65:6:65:Infinity":26,"b:68:6:71:Infinity:undefined:undefined:undefined:undefined":7,"s:68:6:71:Infinity":27,"b:68:10:68:52:68:52:68:77":8,"s:69:8:69:Infinity":28,"s:70:8:70:Infinity":29,"s:73:6:73:Infinity":30,"f:77:2:77:10":6,"b:78:4:78:Infinity:undefined:undefined:undefined:undefined":9,"s:78:4:78:Infinity":31,"s:78:36:78:Infinity":32,"b:79:4:79:Infinity:undefined:undefined:undefined:undefined":10,"s:79:4:79:Infinity":33,"b:79:8:79:41:79:41:79:70":11,"s:79:70:79:Infinity":34,"s:80:4:80:Infinity":35,"f:83:2:83:10":7,"s:84:4:84:Infinity":36,"f:84:15:84:24":8,"s:84:36:84:59":37,"f:87:2:87:9":9,"s:88:4:88:Infinity":38,"f:91:2:91:10":10,"s:92:4:95:Infinity":39,"f:98:2:98:9":11,"s:99:4:102:Infinity":40,"f:105:2:105:11":12,"s:106:4:109:Infinity":41,"f:112:2:112:12":13,"s:113:4:113:Infinity":42,"s:118:25:118:Infinity":43},"fnNames":{}}}
,"/media/ivan/Ultimate/Ivan/script/common/GinDHO/gindho-frontend/src/lib/config.ts": {"path":"/media/ivan/Ultimate/Ivan/script/common/GinDHO/gindho-frontend/src/lib/config.ts","statementMap":{"0":{"start":{"line":3,"column":26},"end":{"line":31,"column":null}},"1":{"start":{"line":38,"column":18},"end":{"line":38,"column":null}},"2":{"start":{"line":39,"column":2},"end":{"line":39,"column":null}}},"fnMap":{"0":{"name":"buildApiUrl","decl":{"start":{"line":37,"column":16},"end":{"line":37,"column":28}},"loc":{"start":{"line":37,"column":76},"end":{"line":40,"column":null}},"line":37}},"branchMap":{"0":{"loc":{"start":{"line":5,"column":15},"end":{"line":5,"column":null}},"type":"binary-expr","locations":[{"start":{"line":5,"column":15},"end":{"line":5,"column":51}},{"start":{"line":5,"column":51},"end":{"line":5,"column":null}}],"line":5}},"s":{"0":9,"1":23,"2":23},"f":{"0":23},"b":{"0":[9,9]},"meta":{"lastBranch":1,"lastFunction":1,"lastStatement":3,"seen":{"s:3:26:31:Infinity":0,"b:5:15:5:51:5:51:5:Infinity":0,"f:37:16:37:28":0,"s:38:18:38:Infinity":1,"s:39:2:39:Infinity":2},"fnNames":{}}}
,"/media/ivan/Ultimate/Ivan/script/common/GinDHO/gindho-frontend/src/lib/utils.ts": {"path":"/media/ivan/Ultimate/Ivan/script/common/GinDHO/gindho-frontend/src/lib/utils.ts","statementMap":{"0":{"start":{"line":5,"column":2},"end":{"line":5,"column":null}}},"fnMap":{"0":{"name":"cn","decl":{"start":{"line":4,"column":16},"end":{"line":4,"column":19}},"loc":{"start":{"line":4,"column":44},"end":{"line":6,"column":null}},"line":4}},"branchMap":{},"s":{"0":190},"f":{"0":190},"b":{},"meta":{"lastBranch":0,"lastFunction":1,"lastStatement":1,"seen":{"f:4:16:4:19":0,"s:5:2:5:Infinity":0},"fnNames":{}}}
,"/media/ivan/Ultimate/Ivan/script/common/GinDHO/gindho-frontend/src/pages/ai/AIAssistant.tsx": {"path":"/media/ivan/Ultimate/Ivan/script/common/GinDHO/gindho-frontend/src/pages/ai/AIAssistant.tsx","statementMap":{"0":{"start":{"line":8,"column":19},"end":{"line":10,"column":null}},"1":{"start":{"line":11,"column":16},"end":{"line":11,"column":null}},"2":{"start":{"line":13,"column":8},"end":{"line":29,"column":null}},"3":{"start":{"line":14,"column":4},"end":{"line":14,"column":null}},"4":{"start":{"line":14,"column":23},"end":{"line":14,"column":null}},"5":{"start":{"line":16,"column":24},"end":{"line":16,"column":null}},"6":{"start":{"line":17,"column":4},"end":{"line":17,"column":null}},"7":{"start":{"line":18,"column":4},"end":{"line":18,"column":null}},"8":{"start":{"line":21,"column":4},"end":{"line":28,"column":null}},"9":{"start":{"line":22,"column":25},"end":{"line":26,"column":null}},"10":{"start":{"line":27,"column":6},"end":{"line":27,"column":null}},"11":{"start":{"line":27,"column":28},"end":{"line":27,"column":49}},"12":{"start":{"line":31,"column":2},"end":{"line":94,"column":null}},"13":{"start":{"line":48,"column":14},"end":{"line":76,"column":null}},"14":{"start":{"line":84,"column":31},"end":{"line":84,"column":null}},"15":{"start":{"line":85,"column":33},"end":{"line":85,"column":null}}},"fnMap":{"0":{"name":"AIAssistantPage","decl":{"start":{"line":7,"column":16},"end":{"line":7,"column":34}},"loc":{"start":{"line":7,"column":34},"end":{"line":96,"column":null}},"line":7},"1":{"name":"(anonymous_1)","decl":{"start":{"line":13,"column":8},"end":{"line":13,"column":27}},"loc":{"start":{"line":13,"column":27},"end":{"line":29,"column":null}},"line":13},"2":{"name":"(anonymous_2)","decl":{"start":{"line":21,"column":4},"end":{"line":21,"column":21}},"loc":{"start":{"line":21,"column":21},"end":{"line":28,"column":7}},"line":21},"3":{"name":"(anonymous_3)","decl":{"start":{"line":27,"column":6},"end":{"line":27,"column":19}},"loc":{"start":{"line":27,"column":28},"end":{"line":27,"column":49}},"line":27},"4":{"name":"(anonymous_4)","decl":{"start":{"line":47,"column":22},"end":{"line":47,"column":27}},"loc":{"start":{"line":48,"column":14},"end":{"line":76,"column":null}},"line":48},"5":{"name":"(anonymous_5)","decl":{"start":{"line":84,"column":14},"end":{"line":84,"column":25}},"loc":{"start":{"line":84,"column":31},"end":{"line":84,"column":null}},"line":84},"6":{"name":"(anonymous_6)","decl":{"start":{"line":85,"column":14},"end":{"line":85,"column":27}},"loc":{"start":{"line":85,"column":33},"end":{"line":85,"column":null}},"line":85}},"branchMap":{"0":{"loc":{"start":{"line":14,"column":4},"end":{"line":14,"column":null}},"type":"if","locations":[{"start":{"line":14,"column":4},"end":{"line":14,"column":null}},{"start":{},"end":{}}],"line":14},"1":{"loc":{"start":{"line":50,"column":41},"end":{"line":50,"column":null}},"type":"cond-expr","locations":[{"start":{"line":50,"column":67},"end":{"line":50,"column":83}},{"start":{"line":50,"column":83},"end":{"line":50,"column":null}}],"line":50},"2":{"loc":{"start":{"line":54,"column":20},"end":{"line":54,"column":null}},"type":"cond-expr","locations":[{"start":{"line":54,"column":46},"end":{"line":54,"column":67}},{"start":{"line":54,"column":67},"end":{"line":54,"column":null}}],"line":54},"3":{"loc":{"start":{"line":59,"column":22},"end":{"line":59,"column":null}},"type":"cond-expr","locations":[{"start":{"line":59,"column":48},"end":{"line":59,"column":63}},{"start":{"line":59,"column":63},"end":{"line":59,"column":null}}],"line":59},"4":{"loc":{"start":{"line":62,"column":21},"end":{"line":65,"column":null}},"type":"cond-expr","locations":[{"start":{"line":63,"column":22},"end":{"line":65,"column":23}},{"start":{"line":65,"column":22},"end":{"line":65,"column":null}}],"line":62},"5":{"loc":{"start":{"line":70,"colum
[...]
,"/media/ivan/Ultimate/Ivan/script/common/GinDHO/gindho-frontend/src/services/api.service.ts": {"path":"/media/ivan/Ultimate/Ivan/script/common/GinDHO/gindho-frontend/src/services/api.service.ts","statementMap":{"0":{"start":{"line":11,"column":23},"end":{"line":45,"column":null}},"1":{"start":{"line":13,"column":4},"end":{"line":13,"column":null}},"2":{"start":{"line":23,"column":4},"end":{"line":23,"column":null}},"3":{"start":{"line":27,"column":4},"end":{"line":27,"column":null}},"4":{"start":{"line":31,"column":4},"end":{"line":35,"column":null}},"5":{"start":{"line":39,"column":4},"end":{"line":39,"column":null}},"6":{"start":{"line":43,"column":4},"end":{"line":43,"column":null}},"7":{"start":{"line":48,"column":27},"end":{"line":77,"column":null}},"8":{"start":{"line":54,"column":18},"end":{"line":54,"column":null}},"9":{"start":{"line":55,"column":4},"end":{"line":55,"column":null}},"10":{"start":{"line":55,"column":24},"end":{"line":55,"column":null}},"11":{"start":{"line":56,"column":4},"end":{"line":56,"column":null}},"12":{"start":{"line":56,"column":22},"end":{"line":56,"column":null}},"13":{"start":{"line":57,"column":4},"end":{"line":57,"column":null}},"14":{"start":{"line":57,"column":22},"end":{"line":57,"column":null}},"15":{"start":{"line":58,"column":15},"end":{"line":58,"column":null}},"16":{"start":{"line":59,"column":4},"end":{"line":59,"column":null}},"17":{"start":{"line":63,"column":4},"end":{"line":63,"column":null}},"18":{"start":{"line":67,"column":4},"end":{"line":67,"column":null}},"19":{"start":{"line":71,"column":4},"end":{"line":71,"column":null}},"20":{"start":{"line":75,"column":4},"end":{"line":75,"column":null}},"21":{"start":{"line":80,"column":31},"end":{"line":107,"column":null}},"22":{"start":{"line":88,"column":18},"end":{"line":88,"column":null}},"23":{"start":{"line":89,"column":4},"end":{"line":91,"column":null}},"24":{"start":{"line":90,"column":6},"end":{"line":90,"column":null}},"25":{"start":{"line":90,"column":17},"end":{"line":90,"column":null}},"26":{"start":{"line":92,"column":15},"end":{"line":92,"column":null}},"27":{"start":{"line":93,"column":4},"end":{"line":93,"column":null}},"28":{"start":{"line":97,"column":4},"end":{"line":97,"column":null}},"29":{"start":{"line":101,"column":4},"end":{"line":101,"column":null}},"30":{"start":{"line":105,"column":4},"end":{"line":105,"column":null}},"31":{"start":{"line":110,"column":33},"end":{"line":122,"column":null}},"32":{"start":{"line":112,"column":4},"end":{"line":112,"column":null}},"33":{"start":{"line":116,"column":4},"end":{"line":116,"column":null}},"34":{"start":{"line":120,"column":4},"end":{"line":120,"column":null}},"35":{"start":{"line":125,"column":29},"end":{"line":142,"column":null}},"36":{"start":{"line":127,"column":18},"end":{"line":127,"column":null}},"37":{"start":{"line":128,"column":4},"end":{"line":130,"column":null}},"38":{"start":{"line":129,"column":6},"end":{"line":129,"column":null}},"39":{"start":{"line":129,"column":17},"end":{"line":129,"column":null}},"40":{"start":{"line":131,"column":15},"end":{"line":131,"column":null}},"41":{"start":{"line":132,"column":4},"end":{"line":132,"column":null}},"42":{"start":{"line":136,"column":4},"end":{"line":136,"column":null}},"43":{"start":{"line":140,"column":4},"end":{"line":140,"column":null}},"44":{"start":{"line":145,"column":27},"end":{"line":157,"column":null}},"45":{"start":{"line":147,"column":4},"end":{"line":147,"column":null}},"46":{"start":{"line":151,"column":4},"end":{"line":151,"column":null}},"47":{"start":{"line":155,"column":4},"end":{"line":155,"column":null}},"48":{"start":{"line":160,"column":26},"end":{"line":173,"column":null}},"49":{"start":{"line":162,"column":15},"end":{"line":162,"column":null}},"50":{"start":{"line":163,"column":4},"end":{"line":163,"column":null}},"51":{"start":{"line":167,"column":4},"end":{"line":167,"column":null}},"52":{"start":{"line":171,"column":4},"end":{"line":171,"column":null}},"53":{"start":{"line":176,"column":32},"end":{"line":184,"column":null}},"54":{"start":{"line":178,"column":4},"end":{"line":178,"column":null}},"55":{"start":{"line":182,"column":4},"end":{"line":182,"column":null}},"56":{"start":{"line":187,"column":28},"end":{"line":195,"column":null}},"57":{"start":{"line":189,"column":4},"end":{"line":189,"column":null}},"58":{"start":{"line":193,"column":4},"end":{"line":193,"column":null}},"59":{"start":{"line":198,"column":21},"end":{"line":206,"column":null}},"60":{"start":{"line":200,"column":4},"end":{"line":200,"column":null}},"61":{"start":{"line":204,"column":4},"end":{"line":204,"column":null}}},"fnMap":{"0":{"name":"login","decl":{"start":{"line":12,"column":8},"end":{"line":12,"column":14}},"loc":{"start":{"line":12,"column":70},"end":{"line":14,"column":null}},"line":12},"1":{"name":"register","decl":{"start":{"line":16,"column":8},"end":{"line":16,"column":17}},"loc":{"start":{"line":22,"column":28},"end":{"line":24,"column":null}},"line":22},"2":{"name":"forgotPassword","decl":{"start":{"line":26,"column":8},"end":{"line":26,"column":23}},"loc":{"start":{"line":26,"column":53},"end":{"line":28,"column":null}},"line":26},"3":{"name":"resetPassword","decl":{"start":{"line":30,"column":8},"end":{"line":30,"column":22}},"loc":{"start":{"line":30,"column":87},"end":{"line":36,"column":null}},"line":30},"4":{"name":"getCurrentUser","decl":{"start":{"line":38,"column":8},"end":{"line":38,"column":40}},"loc":{"start":{"line":38,"column":40},"end":{"line":40,"column":null}},"line":38},"5":{"name":"getPermissions","decl":{"start":{"line":42,"column":8},"end":{"line":42,"column":44}},"loc":{"start":{"line":42,"column":44},"end":{"line":44,"column":null}},"line":42},"6":{"name":"getPatients","decl":{"start":{"line":49,"column":8},"end":{"line":49,"column":20}},"loc":{"start":{"line":53,"column":61},"end":{"line":60,"column":null}},"line":53},"7":{"name":"getPatient","decl":{"start":{"line":62,"column":8},"end":{"line":62,"column":19}},"loc":{"start":{"line":62,"column":49},"end":{"line":64,"column":null}},"line":62},"8":{"name":"createPatient","decl":{"start":{"line":66,"column":8},"end":{"line":66,"column":22}},"loc":{"start":{"line":66,"column":64},"end":{"line":68,"column":null}},"line":66},"9":{"name":"updatePatient","decl":{"start":{"line":70,"column":8},"end":{"line":70,"column":22}},"loc":{"start":{"line":70,"column":76},"end":{"line":72,"column":null}},"line":70},"10":{"name":"deletePatient","decl":{"start":{"line":74,"column":8},"end":{"line":74,"column":22}},"loc":{"start":{"line":74,"column":49},"end":{"line":76,"column":null}},"line":74},"11":{"name":"getAppointments","decl":{"start":{"line":81,"column":8},"end":{"line":81,"column":24}},"loc":{"start":{"line":87,"column":21},"end":{"line":94,"column":null}},"line":87},"12":{"name":"(anonymous_12)","decl":{"start":{"line":89,"column":33},"end":{"line":89,"column":42}},"loc":{"start":{"line":89,"column":59},"end":{"line":91,"column":5}},"line":89},"13":{"name":"createAppointment","decl":{"start":{"line":96,"column":8},"end":{"line":96,"column":26}},"loc":{"start":{"line":96,"column":51},"end":{"line":98,"column":null}},"line":96},"14":{"name":"updateAppointment","decl":{"start":{"line":100,"column":8},"end":{"line":100,"column":26}},"loc":{"start":{"line":100,"column":63},"end":{"line":102,"column":null}},"line":100},"15":{"name":"deleteAppointment","decl":{"start":{"line":104,"column":8},"end":{"line":104,"column":26}},"loc":{"start":{"line":104,"column":53},"end":{"line":106,"column":null}},"line":104},"16":{"name":"getConsultations","decl":{"start":{"line":111,"column":8},"end":{"line":111,"column":25}},"loc":{"start":{"line":111,"column":60},"end":{"line":113,"column":null}},"line":111},"17":{"name":"createConsultation","decl":{"start":{"line":115,"column":8},"end":{"line":115,"column":27}},"loc":{"start":{"line":115,"column":52},"end":{"line":117,"column":null}},"line":115},"18":{"name":"getAnalyses","decl":{"start":{"line":119,"column":8},"end":{"line":119,"column":20}},"loc":{"start":{"line":119,"column":55},"end":{"line":121,"column":null}},"line":119},"19":{"name":"getAnalyses_2","decl":{"start":{"line":126,"column":8},"end":{"line":126,"column":20}},"loc":{"start":{"line":126,"column":86},"end":{"line":133,"column":null}},"line":126},"20":{"name":"(anonymous_20)","decl":{"start":{"line":128,"column":33},"end":{"line":128,"column":42}},"loc":{"start":{"line":128,"column":59},"end":{"line":130,"column":5}},"line":128},"21":{"name":"createAnalyse","decl":{"start":{"line":135,"column":8},"end":{"line":135,"column":22}},"loc":{"start":{"line":135,"column":47},"end":{"line":137,"column":null}},"line":135},"22":{"name":"updateAnalyseResult","decl":{"start":{"line":139,"column":8},"end":{"line":139,"column":28}},"loc":{"start":{"line":139,"column":72},"end":{"line":141,"column":null}},"line":139},"23":{"name":"getPrescriptions","decl":{"start":{"line":146,"column":8},"end":{"line":146,"column":25}},"loc":{"start":{"line":146,"column":60},"end":{"line":148,"column":null}},"line":146},"24":{"name":"createPrescription","decl":{"start":{"line":150,"column":8},"end":{"line":150,"column":27}},"loc":{"start":{"line":150,"column":52},"end":{"line":152,"column":null}},"line":150},"25":{"name":"getMedications","decl":{"start":{"line":154,"column":8},"end":{"line":154,"column":41}},"loc":{"start":{"line":154,"column":41},"end":{"line":156,"column":null}},"line":154},"26":{"name":"getInvoices","decl":{"start":{"line":161,"column":8},"end":{"line":161,"column":20}},"loc":{"start":{"line":161,"column":56},"end":{"line":164,"column":null}},"line":161},"27":{"name":"createInvoice","decl":{"start":{"line":166,"column":8},"end":{"line":166,"column":22}},"loc":{"start":{"line":166,"column":47},"end":{"line":168,"column":null}},"line":166},"28":{"name":"payInvoice","decl":{"start":{"line":170,"column":8},"end":{"line":170,"column":19}},"loc":{"start":{"line":170,"column":56},"end":{"line":172,"column":null}},"line":170},"29":{"name":"getNotifications","decl":{"start":{"line":177,"column":8},"end":{"line":177,"column":43}},"loc":{"start":{"line":177,"column":43},"end":{"line":179,"column":null}},"line":177},"30":{"name":"markAsRead","decl":{"start":{"line":181,"column":8},"end":{"line":181,"column":19}},"loc":{"start":{"line":181,"column":46},"end":{"line":183,"column":null}},"line":181},"31":{"name":"getUrgencies","decl":{"start":{"line":188,"column":8},"end":{"line":188,"column":39}},"loc":{"start":{"line":188,"column":39},"end":{"line":190,"column":null}},"line":188},"32":{"name":"createUrgency","decl":{"start":{"line":192,"column":8},"end":{"line":192,"column":22}},"loc":{"start":{"line":192,"column":47},"end":{"line":194,"column":null}},"line":192},"33":{"name":"getMedecins","decl":{"start":{"line":199,"column":8},"end":{"line":199,"column":38}},"loc":{"start":{"line":199,"column":38},"end":{"line":201,"column":null}},"line":199},"34":{"name":"getSchedules","decl":{"start":{"line":203,"column":8},"end":{"line":203,"column":21}},"loc":{"start":{"line":203,"column":70},"end":{"line":205,"column":null}},"line":203}},"branchMap":{"0":{"loc":{"start":{"line":55,"column":4},"end":{"line":55,"column":null}},"type":"if","locations":[{"start":{"line":55,"column":4},"end":{"line":55,"column":null}},{"start":{},"end":{}}],"line":55},"1":{"loc":{"start":{"line":56,"column":4},"end":{"line":56,"column":null}},"type":"if","locations":[{"start":{"line":56,"column":4},"end":{"line":56,"column":null}},{"start":{},"end":{}}],"line":56},"2":{"loc":{"start":{"line":57,"column":4},"end":{"line":57,"column":null}},"type":"if","locations":[{"start":{"line":57,"column":4},"end":{"line":57,"column":null}},{"start":{},"end":{}}],"line":57},"3":{"loc":{"start":{"line":59,"column":53},"end":{"line":59,"column":73}},"type":"cond-expr","locations":[{"start":{"line":59,"column":58},"end":{"line":59,"column":69}},{"start":{"line":59,"column":69},"end":{"line":59,"column":73}}],"line":59},"4":{"loc":{"start":{"line":89,"column":19},"end":{"line":89,"column":31}},"type":"binary-expr","locations":[{"start":{"line":89,"column":19},"end":{"line":89,"column":29}},{"start":{"line":89,"column":29},"end":{"line":89,"column":31}}],"line":89},"5":{"loc":{"start":{"line":90,"column":6},"end":{"line":90,"column":null}},"type":"if","locations":[{"start":{"line":90,"column":6},"end":{"line":90,"column":null}},{"start":{},"end":{}}],"line":90},"6":{"loc":{"start":{"line":93,"column":57},"end":{"line":93,"column":77}},"type":"cond-expr","locations":[{"start":{"line":93,"column":62},"end":{"line":93,"column":73}},{"start":{"line":93,"column":73},"end":{"line":93,"column":77}}],"line":93},"7":{"loc":{"start":{"line":128,"column":19},"end":{"line":128,"column":31}},"type":"binary-expr","locations":[{"start":{"line":128,"column":19},"end":{"line":128,"column":29}},{"start":{"line":128,"column":29},"end":{"line":128,"column":31}}],"line":128},"8":{"loc":{"start":{"line":129,"column":6},"end":{"line":129,"column":null}},"type":"if","locations":[{"start":{"line":129,"column":6},"end":{"line":129,"column":null}},{"start":{},"end":{}}],"line":129},"9":{"loc":{"start":{"line":132,"column":63},"end":{"line":132,"column":83}},"type":"cond-expr","locations":[{"start":{"line":132,"column":68},"end":{"line":132,"column":79}},{"start":{"line":132,"column":79},"end":{"line":132,"column":83}}],"line":132},"10":{"loc":{"start":{"line":162,"column":15},"end":{"line":162,"column":null}},"type":"cond-expr","locations":[{"start":{"line":162,"column":27},"end":{"line":162,"column":55}},{"start":{"line":162,"column":55},"end":{"line":162,"column":null}}],"line":162}},"s":{"0":7,"1":1,"2":0,"3":0,"4":0,"5":1,"6":0,"7":7,"8":9,"9":9,"10":1,"11":9,"12":0,"13":9,"14":4,"15":9,"16":9,"17":0,"18":1,"19":0,"20":0,"21":7,"22":7,"23":7,"24":1,"25":1,"26":7,"27":7,"28":0,"29":0,"30":0,"31":7,"32":0,"33":0,"34":0,"35":7,"36":2,"37":2,"38":0,"39":0,"40":2,"41":2,"42":0,"43":0,"44":7,"45":0,"46":0,"47":0,"48":7,"49":2,"50":2,"51":0,"52":0,"53":7,"54":0,"55":0,"56":7,"57":0,"58":0,"59":7,"60":0,"61":0},"f":{"0":1,"1":0,"2":0,"3":0,"4":1,"5":0,"6":9,"7":0,"8":1,"9":0,"10":0,"11":7,"12":1,"13":0,"14":0,"15":0,"16":0,"17":0,"18":0,"19":2,"20":0,"21":0,"22":0,"23":0,"24":0,"25":0,"26":2,"27":0,"28":0,"29":0,"30":0,"31":0,"32":0,"33":0,"34":0},"b":{"0":[1,8],"1":[0,9],"2":[4,5],"3":[5,4],"4":[7,3],"5":[1,0],"6":[1,6],"7":[2,2],"8":[0,0],"9":[0,2],"10":[0,2]},"meta":{"lastBranch":11,"lastFunction":35,"lastStatement":62,"seen":{"s:11:23:45:Infinity":0,"f:12:8:12:14":0,"s:13:4:13:Infinity":1,"f:16:8:16:17":1,"s:23:4:23:Infinity":2,"f:26:8:26:23":2,"s:27:4:27:Infinity":3,"f:30:8:30:22":3,"s:31:4:35:Infinity":4,"f:38:8:38:40":4,"s:39:4:39:Infinity":5,"f:42:8:42:44":5,"s:43:4:43:Infinity":6,"s:48:27:77:Infinity":7,"f:49:8:49:20":6,"s:54:18:54:Infinity":8,"b:55:4:55:Infinity:undefined:undefined:undefined:undefined":0,"s:55:4:55:Infinity":9,"s:55:24:55:Infinity":10,"b:56:4:56:Infinity:undefined:undefined:undefined:undefined":1,"s:56:4:56:Infinity":11,"s:56:22:56:Infinity":12,"b:57:4:57:Infinity:undefined:undefined:undefined:undefined":2,"s:57:4:57:Infinity":13,"s:57:22:57:Infinity":14,"s:58:15:58:Infinity":15,"s:59:4:59:Infinity":16,"b:59:58:59:69:59:69:59:73":3,"f:62:8:62:19":7,"s:63:4:63:Infinity":17,"f:66:8:66:22":8,"s:67:4:67:Infinity":18,"f:70:8:70:22":9,"s:71:4:71:Infinity":19,"f:74:8:74:22":10,"s:75:4:75:Infinity":20,"s:80:31:107:Infinity":21,"f:81:8:81:24":11,"s:88:18:88:Infinity":22,"s:89:4:91:Infinity":23,"b:89:19:89:29:89:29:89:31":4,"f:89:33:89:42":12,"b:90:6:90:Infinity:undefined:undefined:undefined:undefined":5,"s:90:6:90:Infinity":24,"s:90:17:90:Infinity":25,"s:92:15:92:Infinity":26,"s:93:4:93:Infinity":27,"b:93:62:93:73:93:73:93:77":6,"f:96:8:96:26":13,"s:97:4:97:Infinity":28,"f:100:8:100:26":14,"s:101:4:101:Infinity":29,"f:104:8:104:26":15,"s:105:4:105:Infinity":30,"s:110:33:122:Infinity":31,"f:111:8:111:25":16,"s:112:4:112:Infinity":32,"f:115:8:115:27":17,"s:116:4:116:Infinity":33,"f:119:8:119:20":18,"s:120:4:120:Infinity":34,"s:125:29:142:Infinity":35,"f:126:8:126:20":19,"s:127:18:127:Infinity":36,"s:128:4:130:Infinity":37,"b:128:19:128:29:128:29:128:31":7,"f:128:33:128:42":20,"b:129:6:129:Infinity:undefined:undefined:undefined:undefined":8,"s:129:6:129:Infinity":38,"s:129:17:129:Infinity":39,"s:131:15:131:Infinity":40,"s:132:4:132:Infinity":41,"b:132:68:132:79:132:79:132:83":9,"f:135:8:135:22":21,"s:136:4:136:Infinity":42,"f:139:8:139:28":22,"s:140:4:140:Infinity":43,"s:145:27:157:Infinity":44,"f:146:8:146:25":23,"s:147:4:147:Infinity":45,"f:150:8:150:27":24,"s:151:4:151:Infinity":46,"f:154:8:154:41":25,"s:155:4:155:Infinity":47,"s:160:26:173:Infinity":48,"f:161:8:161:20":26,"s:162:15:162:Infinity":49,"b:162:27:162:55:162:55:162:Infinity":10,"s:163:4:163:Infinity":50,"f:166:8:166:22":27,"s:167:4:167:Infinity":51,"f:170:8:170:19":28,"s:171:4:171:Infinity":52,"s:176:32:184:Infinity":53,"f:177:8:177:43":29,"s:178:4:178:Infinity":54,"f:181:8:181:19":30,"s:182:4:182:Infinity":55,"s:187:28:195:Infinity":56,"f:188:8:188:39":31,"s:189:4:189:Infinity":57,"f:192:8:192:22":32,"s:193:4:193:Infinity":58,"s:198:21:206:Infinity":59,"f:199:8:199:38":33,"s:200:4:200:Infinity":60,"f:203:8:203:21":34,"s:204:4:204:Infinity":61},"fnNames":{}}}
,"/media/ivan/Ultimate/Ivan/script/common/GinDHO/gindho-frontend/src/services/auth.service.ts": {"path":"/media/ivan/Ultimate/Ivan/script/common/GinDHO/gindho-frontend/src/services/auth.service.ts","statementMap":{"0":{"start":{"line":4,"column":27},"end":{"line":28,"column":null}},"1":{"start":{"line":6,"column":4},"end":{"line":6,"column":null}},"2":{"start":{"line":10,"column":4},"end":{"line":10,"column":null}},"3":{"start":{"line":14,"column":4},"end":{"line":14,"column":null}},"4":{"start":{"line":18,"column":4},"end":{"line":18,"column":null}},"5":{"start":{"line":22,"column":4},"end":{"line":22,"column":null}},"6":{"start":{"line":26,"column":4},"end":{"line":26,"column":null}}},"fnMap":{"0":{"name":"login","decl":{"start":{"line":5,"column":8},"end":{"line":5,"column":14}},"loc":{"start":{"line":5,"column":70},"end":{"line":7,"column":null}},"line":5},"1":{"name":"register","decl":{"start":{"line":9,"column":8},"end":{"line":9,"column":17}},"loc":{"start":{"line":9,"column":127},"end":{"line":11,"column":null}},"line":9},"2":{"name":"forgotPassword","decl":{"start":{"line":13,"column":8},"end":{"line":13,"column":23}},"loc":{"start":{"line":13,"column":53},"end":{"line":15,"column":null}},"line":13},"3":{"name":"resetPassword","decl":{"start":{"line":17,"column":8},"end":{"line":17,"column":22}},"loc":{"start":{"line":17,"column":87},"end":{"line":19,"column":null}},"line":17},"4":{"name":"getCurrentUser","decl":{"start":{"line":21,"column":8},"end":{"line":21,"column":40}},"loc":{"start":{"line":21,"column":40},"end":{"line":23,"column":null}},"line":21},"5":{"name":"getPermissions","decl":{"start":{"line":25,"column":8},"end":{"line":25,"column":44}},"loc":{"start":{"line":25,"column":44},"end":{"line":27,"column":null}},"line":25}},"branchMap":{},"s":{"0":1,"1":0,"2":0,"3":0,"4":0,"5":2,"6":0},"f":{"0":0,"1":0,"2":0,"3":0,"4":2,"5":0},"b":{},"meta":{"lastBranch":0,"lastFunction":6,"lastStatement":7,"seen":{"s:4:27:28:Infinity":0,"f:5:8:5:14":0,"s:6:4:6:Infinity":1,"f:9:8:9:17":1,"s:10:4:10:Infinity":2,"f:13:8:13:23":2,"s:14:4:14:Infinity":3,"f:17:8:17:22":3,"s:18:4:18:Infinity":4,"f:21:8:21:40":4,"s:22:4:22:Infinity":5,"f:25:8:25:44":5,"s:26:4:26:Infinity":6},"fnNames":{}}}
}
